<?xml version="1.0" encoding="UTF-8"?>
<!-- Generated by org.testng.reporters.JUnitXMLReporter -->
<testsuite ignored="0" hostname="AliyaVasu" failures="0" tests="15" name="Default test" time="57.309" errors="0" timestamp="2023-05-25T19:02:49 IST">
  <testcase classname="webmath.com.TS3_EverydayMath" name="TC001" time="1.696"/>
  <testcase classname="webmath.com.TS3_EverydayMath" name="TC002" time="1.814"/>
  <testcase classname="webmath.com.TS3_EverydayMath" name="TC003" time="3.211"/>
  <testcase classname="webmath.com.TS3_EverydayMath" name="TC004" time="1.499"/>
  <testcase classname="webmath.com.TS3_EverydayMath" name="TC005" time="1.532"/>
  <testcase classname="webmath.com.TS3_EverydayMath" name="TC006" time="2.76"/>
  <testcase classname="webmath.com.TS3_EverydayMath" name="TC007" time="1.277"/>
  <testcase classname="webmath.com.TS3_EverydayMath" name="TC008" time="1.414"/>
  <testcase classname="webmath.com.TS3_EverydayMath" name="TC009" time="3.272"/>
  <testcase classname="webmath.com.TS3_EverydayMath" name="TC010" time="1.321"/>
  <testcase classname="webmath.com.TS3_EverydayMath" name="TC011" time="1.459"/>
  <testcase classname="webmath.com.TS3_EverydayMath" name="TC012" time="3.405"/>
  <testcase classname="webmath.com.TS3_EverydayMath" name="TC013" time="1.207"/>
  <testcase classname="webmath.com.TS3_EverydayMath" name="TC014" time="1.425"/>
  <testcase classname="webmath.com.TS3_EverydayMath" name="TC015" time="2.861"/>
</testsuite> <!-- Default test -->
