<?xml version="1.0" encoding="UTF-8"?>
<!-- Generated by org.testng.reporters.JUnitXMLReporter -->
<testsuite ignored="0" hostname="AliyaVasu" failures="0" tests="72" name="Test" time="281.93" errors="0" timestamp="2023-05-10T19:49:20 IST">
  <testcase classname="webmath.com.TS1" name="TC001" time="5.038"/>
  <testcase classname="webmath.com.TS1" name="TC002" time="0.048"/>
  <testcase classname="webmath.com.TS1" name="TC003" time="2.552"/>
  <testcase classname="webmath.com.TS1" name="TC004" time="0.556"/>
  <testcase classname="webmath.com.TS1" name="TC005" time="3.407"/>
  <testcase classname="webmath.com.TS1" name="TC006" time="1.555"/>
  <testcase classname="webmath.com.TS1" name="TC007" time="1.669"/>
  <testcase classname="webmath.com.TS1" name="TC008" time="3.036"/>
  <testcase classname="webmath.com.TS1" name="TC009" time="1.333"/>
  <testcase classname="webmath.com.TS1" name="TC010" time="6.345"/>
  <testcase classname="webmath.com.TS2" name="TC001" time="0.007"/>
  <testcase classname="webmath.com.TS2" name="TC002" time="0.016"/>
  <testcase classname="webmath.com.TS2" name="TC003" time="0.137"/>
  <testcase classname="webmath.com.TS2" name="TC004" time="0.161"/>
  <testcase classname="webmath.com.TS2" name="TC005" time="0.095"/>
  <testcase classname="webmath.com.TS2" name="TC006" time="0.028"/>
  <testcase classname="webmath.com.TS2" name="TC007" time="0.03"/>
  <testcase classname="webmath.com.TS2" name="TC008" time="1.772"/>
  <testcase classname="webmath.com.TS3" name="TC001" time="1.363"/>
  <testcase classname="webmath.com.TS3" name="TC002" time="1.539"/>
  <testcase classname="webmath.com.TS3" name="TC003" time="3.344"/>
  <testcase classname="webmath.com.TS3" name="TC004" time="1.251"/>
  <testcase classname="webmath.com.TS3" name="TC005" time="1.314"/>
  <testcase classname="webmath.com.TS3" name="TC006" time="3.165"/>
  <testcase classname="webmath.com.TS3" name="TC007" time="1.253"/>
  <testcase classname="webmath.com.TS3" name="TC008" time="1.169"/>
  <testcase classname="webmath.com.TS3" name="TC009" time="4.588"/>
  <testcase classname="webmath.com.TS3" name="TC010" time="1.223"/>
  <testcase classname="webmath.com.TS3" name="TC011" time="1.133"/>
  <testcase classname="webmath.com.TS3" name="TC012" time="3.959"/>
  <testcase classname="webmath.com.TS3" name="TC013" time="1.333"/>
  <testcase classname="webmath.com.TS3" name="TC014" time="1.888"/>
  <testcase classname="webmath.com.TS3" name="TC015" time="4.224"/>
  <testcase classname="webmath.com.TS4" name="TC001" time="1.58"/>
  <testcase classname="webmath.com.TS4" name="TC002" time="1.302"/>
  <testcase classname="webmath.com.TS4" name="TC003" time="4.088"/>
  <testcase classname="webmath.com.TS4" name="TC004" time="1.23"/>
  <testcase classname="webmath.com.TS4" name="TC005" time="1.328"/>
  <testcase classname="webmath.com.TS4" name="TC006" time="5.923"/>
  <testcase classname="webmath.com.TS4" name="TC007" time="1.45"/>
  <testcase classname="webmath.com.TS4" name="TC008" time="1.383"/>
  <testcase classname="webmath.com.TS4" name="TC009" time="3.791"/>
  <testcase classname="webmath.com.TS4" name="TC010" time="1.561"/>
  <testcase classname="webmath.com.TS4" name="TC011" time="1.413"/>
  <testcase classname="webmath.com.TS4" name="TC012" time="4.516"/>
  <testcase classname="webmath.com.TS4" name="TC013" time="1.345"/>
  <testcase classname="webmath.com.TS4" name="TC014" time="1.444"/>
  <testcase classname="webmath.com.TS4" name="TC015" time="3.605"/>
  <testcase classname="webmath.com.TS4" name="TC016" time="2.357"/>
  <testcase classname="webmath.com.TS4" name="TC017" time="1.861"/>
  <testcase classname="webmath.com.TS4" name="TC018" time="3.107"/>
  <testcase classname="webmath.com.TS4" name="TC019" time="1.309"/>
  <testcase classname="webmath.com.TS4" name="TC020" time="1.336"/>
  <testcase classname="webmath.com.TS4" name="TC021" time="2.694"/>
  <testcase classname="webmath.com.TS5" name="TC001" time="1.694"/>
  <testcase classname="webmath.com.TS5" name="TC002" time="1.847"/>
  <testcase classname="webmath.com.TS5" name="TC003" time="4.381"/>
  <testcase classname="webmath.com.TS5" name="TC004" time="1.209"/>
  <testcase classname="webmath.com.TS5" name="TC005" time="1.418"/>
  <testcase classname="webmath.com.TS5" name="TC006" time="3.007"/>
  <testcase classname="webmath.com.TS5" name="TC007" time="1.249"/>
  <testcase classname="webmath.com.TS5" name="TC008" time="1.773"/>
  <testcase classname="webmath.com.TS5" name="TC009" time="3.191"/>
  <testcase classname="webmath.com.TS5" name="TC010" time="1.411"/>
  <testcase classname="webmath.com.TS5" name="TC011" time="2.298"/>
  <testcase classname="webmath.com.TS5" name="TC012" time="3.144"/>
  <testcase classname="webmath.com.TS6" name="TC001" time="1.557"/>
  <testcase classname="webmath.com.TS6" name="TC002" time="1.66"/>
  <testcase classname="webmath.com.TS6" name="TC003" time="4.046"/>
  <testcase classname="webmath.com.TS7" name="TC001" time="1.41"/>
  <testcase classname="webmath.com.TS7" name="TC002" time="1.42"/>
  <testcase classname="webmath.com.TS7" name="TC003" time="3.328"/>
</testsuite> <!-- Test -->
