<?xml version="1.0" encoding="UTF-8"?>
<!-- Generated by org.testng.reporters.JUnitXMLReporter -->
<testsuite ignored="0" hostname="AliyaVasu" failures="0" tests="72" name="Test" time="180.425" errors="0" timestamp="2023-05-25T18:37:24 IST">
  <testcase classname="webmath.com.TS3_EverydayMath" name="@BeforeMethod ToMathForEveryone" time="0.003">
    <failure type="java.lang.NoSuchMethodError" message="&amp;apos;org.openqa.selenium.WebDriver$Timeouts org.openqa.selenium.WebDriver$Timeouts.implicitlyWait(java.time.Duration)&amp;apos;">
      <![CDATA[java.lang.NoSuchMethodError: 'org.openqa.selenium.WebDriver$Timeouts org.openqa.selenium.WebDriver$Timeouts.implicitlyWait(java.time.Duration)'
at webmath.com.TS3_EverydayMath.ToMathForEveryone(TS3_EverydayMath.java:42)
at java.base/java.util.ArrayList.forEach(ArrayList.java:1511)
... Removed 29 stack frames]]>
    </failure>
  </testcase> <!-- @BeforeMethod ToMathForEveryone -->
  <testcase classname="webmath.com.TS3_EverydayMath" name="@AfterMethod tomainframe" time="-1.685019897581E9">
    <skipped/>
  </testcase> <!-- @AfterMethod tomainframe -->
  <testcase classname="webmath.com.TS3_EverydayMath" name="@BeforeMethod ToMathForEveryone" time="-1.685019897582E9">
    <skipped/>
  </testcase> <!-- @BeforeMethod ToMathForEveryone -->
  <testcase classname="webmath.com.TS3_EverydayMath" name="@AfterMethod tomainframe" time="-1.685019897591E9">
    <skipped/>
  </testcase> <!-- @AfterMethod tomainframe -->
  <testcase classname="webmath.com.TS3_EverydayMath" name="@BeforeMethod ToMathForEveryone" time="-1.685019897591E9">
    <skipped/>
  </testcase> <!-- @BeforeMethod ToMathForEveryone -->
  <testcase classname="webmath.com.TS3_EverydayMath" name="@AfterMethod tomainframe" time="-1.685019897595E9">
    <skipped/>
  </testcase> <!-- @AfterMethod tomainframe -->
  <testcase classname="webmath.com.TS3_EverydayMath" name="@BeforeMethod ToMathForEveryone" time="-1.685019897595E9">
    <skipped/>
  </testcase> <!-- @BeforeMethod ToMathForEveryone -->
  <testcase classname="webmath.com.TS3_EverydayMath" name="@AfterMethod tomainframe" time="-1.685019897601E9">
    <skipped/>
  </testcase> <!-- @AfterMethod tomainframe -->
  <testcase classname="webmath.com.TS3_EverydayMath" name="@BeforeMethod ToMathForEveryone" time="-1.685019897603E9">
    <skipped/>
  </testcase> <!-- @BeforeMethod ToMathForEveryone -->
  <testcase classname="webmath.com.TS3_EverydayMath" name="@AfterMethod tomainframe" time="-1.685019897615E9">
    <skipped/>
  </testcase> <!-- @AfterMethod tomainframe -->
  <testcase classname="webmath.com.TS3_EverydayMath" name="@BeforeMethod ToMathForEveryone" time="-1.685019897619E9">
    <skipped/>
  </testcase> <!-- @BeforeMethod ToMathForEveryone -->
  <testcase classname="webmath.com.TS3_EverydayMath" name="@AfterMethod tomainframe" time="-1.685019897628E9">
    <skipped/>
  </testcase> <!-- @AfterMethod tomainframe -->
  <testcase classname="webmath.com.TS3_EverydayMath" name="@BeforeMethod ToMathForEveryone" time="-1.685019897631E9">
    <skipped/>
  </testcase> <!-- @BeforeMethod ToMathForEveryone -->
  <testcase classname="webmath.com.TS3_EverydayMath" name="@AfterMethod tomainframe" time="-1.685019897636E9">
    <skipped/>
  </testcase> <!-- @AfterMethod tomainframe -->
  <testcase classname="webmath.com.TS3_EverydayMath" name="@BeforeMethod ToMathForEveryone" time="-1.685019897648E9">
    <skipped/>
  </testcase> <!-- @BeforeMethod ToMathForEveryone -->
  <testcase classname="webmath.com.TS3_EverydayMath" name="@AfterMethod tomainframe" time="-1.685019897652E9">
    <skipped/>
  </testcase> <!-- @AfterMethod tomainframe -->
  <testcase classname="webmath.com.TS3_EverydayMath" name="@BeforeMethod ToMathForEveryone" time="-1.685019897658E9">
    <skipped/>
  </testcase> <!-- @BeforeMethod ToMathForEveryone -->
  <testcase classname="webmath.com.TS3_EverydayMath" name="@AfterMethod tomainframe" time="-1.685019897668E9">
    <skipped/>
  </testcase> <!-- @AfterMethod tomainframe -->
  <testcase classname="webmath.com.TS3_EverydayMath" name="@BeforeMethod ToMathForEveryone" time="-1.685019897695E9">
    <skipped/>
  </testcase> <!-- @BeforeMethod ToMathForEveryone -->
  <testcase classname="webmath.com.TS3_EverydayMath" name="@AfterMethod tomainframe" time="-1.685019897699E9">
    <skipped/>
  </testcase> <!-- @AfterMethod tomainframe -->
  <testcase classname="webmath.com.TS3_EverydayMath" name="@BeforeMethod ToMathForEveryone" time="-1.685019897713E9">
    <skipped/>
  </testcase> <!-- @BeforeMethod ToMathForEveryone -->
  <testcase classname="webmath.com.TS3_EverydayMath" name="@AfterMethod tomainframe" time="-1.685019897721E9">
    <skipped/>
  </testcase> <!-- @AfterMethod tomainframe -->
  <testcase classname="webmath.com.TS3_EverydayMath" name="@BeforeMethod ToMathForEveryone" time="-1.685019897722E9">
    <skipped/>
  </testcase> <!-- @BeforeMethod ToMathForEveryone -->
  <testcase classname="webmath.com.TS3_EverydayMath" name="@AfterMethod tomainframe" time="-1.685019897722E9">
    <skipped/>
  </testcase> <!-- @AfterMethod tomainframe -->
  <testcase classname="webmath.com.TS3_EverydayMath" name="@BeforeMethod ToMathForEveryone" time="-1.685019897728E9">
    <skipped/>
  </testcase> <!-- @BeforeMethod ToMathForEveryone -->
  <testcase classname="webmath.com.TS3_EverydayMath" name="@AfterMethod tomainframe" time="-1.68501989773E9">
    <skipped/>
  </testcase> <!-- @AfterMethod tomainframe -->
  <testcase classname="webmath.com.TS3_EverydayMath" name="@BeforeMethod ToMathForEveryone" time="-1.685019897732E9">
    <skipped/>
  </testcase> <!-- @BeforeMethod ToMathForEveryone -->
  <testcase classname="webmath.com.TS3_EverydayMath" name="@AfterMethod tomainframe" time="-1.685019897738E9">
    <skipped/>
  </testcase> <!-- @AfterMethod tomainframe -->
  <testcase classname="webmath.com.TS3_EverydayMath" name="@BeforeMethod ToMathForEveryone" time="-1.685019897738E9">
    <skipped/>
  </testcase> <!-- @BeforeMethod ToMathForEveryone -->
  <testcase classname="webmath.com.TS3_EverydayMath" name="@AfterMethod tomainframe" time="-1.68501989774E9">
    <skipped/>
  </testcase> <!-- @AfterMethod tomainframe -->
  <testcase classname="webmath.com.TS3_EverydayMath" name="@AfterClass close" time="-1.68501989774E9">
    <skipped/>
  </testcase> <!-- @AfterClass close -->
  <testcase classname="webmath.com.TS1_Homepage" name="TC001" time="4.216"/>
  <testcase classname="webmath.com.TS1_Homepage" name="TC002" time="0.062"/>
  <testcase classname="webmath.com.TS1_Homepage" name="TC003" time="1.171"/>
  <testcase classname="webmath.com.TS1_Homepage" name="TC004" time="0.358"/>
  <testcase classname="webmath.com.TS1_Homepage" name="TC005" time="1.265"/>
  <testcase classname="webmath.com.TS1_Homepage" name="TC006" time="1.685"/>
  <testcase classname="webmath.com.TS1_Homepage" name="TC007" time="1.342"/>
  <testcase classname="webmath.com.TS1_Homepage" name="TC008" time="1.306"/>
  <testcase classname="webmath.com.TS1_Homepage" name="TC009" time="1.434"/>
  <testcase classname="webmath.com.TS1_Homepage" name="TC010" time="3.81"/>
  <testcase classname="webmath.com.TS2_MathForEveryone" name="TC001" time="0.01"/>
  <testcase classname="webmath.com.TS2_MathForEveryone" name="TC002" time="0.019"/>
  <testcase classname="webmath.com.TS2_MathForEveryone" name="TC003" time="0.223"/>
  <testcase classname="webmath.com.TS2_MathForEveryone" name="TC004" time="0.227"/>
  <testcase classname="webmath.com.TS2_MathForEveryone" name="TC005" time="0.146"/>
  <testcase classname="webmath.com.TS2_MathForEveryone" name="TC006" time="0.044"/>
  <testcase classname="webmath.com.TS2_MathForEveryone" name="TC007" time="0.04"/>
  <testcase classname="webmath.com.TS2_MathForEveryone" name="TC008" time="1.367"/>
  <testcase classname="webmath.com.TS3_EverydayMath" name="TC001" time="0.0">
    <skipped/>
  </testcase> <!-- TC001 -->
  <testcase classname="webmath.com.TS3_EverydayMath" name="TC002" time="0.0">
    <skipped/>
  </testcase> <!-- TC002 -->
  <testcase classname="webmath.com.TS3_EverydayMath" name="TC003" time="0.0">
    <skipped/>
  </testcase> <!-- TC003 -->
  <testcase classname="webmath.com.TS3_EverydayMath" name="TC004" time="0.0">
    <skipped/>
  </testcase> <!-- TC004 -->
  <testcase classname="webmath.com.TS3_EverydayMath" name="TC005" time="0.0">
    <skipped/>
  </testcase> <!-- TC005 -->
  <testcase classname="webmath.com.TS3_EverydayMath" name="TC006" time="0.0">
    <skipped/>
  </testcase> <!-- TC006 -->
  <testcase classname="webmath.com.TS3_EverydayMath" name="TC007" time="0.0">
    <skipped/>
  </testcase> <!-- TC007 -->
  <testcase classname="webmath.com.TS3_EverydayMath" name="TC008" time="0.0">
    <skipped/>
  </testcase> <!-- TC008 -->
  <testcase classname="webmath.com.TS3_EverydayMath" name="TC009" time="0.0">
    <skipped/>
  </testcase> <!-- TC009 -->
  <testcase classname="webmath.com.TS3_EverydayMath" name="TC010" time="0.0">
    <skipped/>
  </testcase> <!-- TC010 -->
  <testcase classname="webmath.com.TS3_EverydayMath" name="TC011" time="0.0">
    <skipped/>
  </testcase> <!-- TC011 -->
  <testcase classname="webmath.com.TS3_EverydayMath" name="TC012" time="0.0">
    <skipped/>
  </testcase> <!-- TC012 -->
  <testcase classname="webmath.com.TS3_EverydayMath" name="TC013" time="0.0">
    <skipped/>
  </testcase> <!-- TC013 -->
  <testcase classname="webmath.com.TS3_EverydayMath" name="TC014" time="0.0">
    <skipped/>
  </testcase> <!-- TC014 -->
  <testcase classname="webmath.com.TS3_EverydayMath" name="TC015" time="0.0">
    <skipped/>
  </testcase> <!-- TC015 -->
  <testcase classname="webmath.com.TS4_UnitsConversion" name="TC001" time="1.343"/>
  <testcase classname="webmath.com.TS4_UnitsConversion" name="TC002" time="1.512"/>
  <testcase classname="webmath.com.TS4_UnitsConversion" name="TC003" time="3.37"/>
  <testcase classname="webmath.com.TS4_UnitsConversion" name="TC004" time="1.534"/>
  <testcase classname="webmath.com.TS4_UnitsConversion" name="TC005" time="1.404"/>
  <testcase classname="webmath.com.TS4_UnitsConversion" name="TC006" time="3.094"/>
  <testcase classname="webmath.com.TS4_UnitsConversion" name="TC007" time="1.435"/>
  <testcase classname="webmath.com.TS4_UnitsConversion" name="TC008" time="1.244"/>
  <testcase classname="webmath.com.TS4_UnitsConversion" name="TC009" time="3.164"/>
  <testcase classname="webmath.com.TS4_UnitsConversion" name="TC010" time="1.262"/>
  <testcase classname="webmath.com.TS4_UnitsConversion" name="TC011" time="1.367"/>
  <testcase classname="webmath.com.TS4_UnitsConversion" name="TC012" time="2.818"/>
  <testcase classname="webmath.com.TS4_UnitsConversion" name="TC013" time="1.215"/>
  <testcase classname="webmath.com.TS4_UnitsConversion" name="TC014" time="1.51"/>
  <testcase classname="webmath.com.TS4_UnitsConversion" name="TC015" time="2.534"/>
  <testcase classname="webmath.com.TS4_UnitsConversion" name="TC016" time="1.166"/>
  <testcase classname="webmath.com.TS4_UnitsConversion" name="TC017" time="1.39"/>
  <testcase classname="webmath.com.TS4_UnitsConversion" name="TC018" time="2.905"/>
  <testcase classname="webmath.com.TS4_UnitsConversion" name="TC019" time="0.945"/>
  <testcase classname="webmath.com.TS4_UnitsConversion" name="TC020" time="1.584"/>
  <testcase classname="webmath.com.TS4_UnitsConversion" name="TC021" time="2.781"/>
  <testcase classname="webmath.com.TS5_PersonalFinance" name="TC001" time="1.332"/>
  <testcase classname="webmath.com.TS5_PersonalFinance" name="TC002" time="1.493"/>
  <testcase classname="webmath.com.TS5_PersonalFinance" name="TC003" time="3.627"/>
  <testcase classname="webmath.com.TS5_PersonalFinance" name="TC004" time="1.26"/>
  <testcase classname="webmath.com.TS5_PersonalFinance" name="TC005" time="1.59"/>
  <testcase classname="webmath.com.TS5_PersonalFinance" name="TC006" time="3.181"/>
  <testcase classname="webmath.com.TS5_PersonalFinance" name="TC007" time="1.174"/>
  <testcase classname="webmath.com.TS5_PersonalFinance" name="TC008" time="1.51"/>
  <testcase classname="webmath.com.TS5_PersonalFinance" name="TC009" time="3.019"/>
  <testcase classname="webmath.com.TS5_PersonalFinance" name="TC010" time="1.272"/>
  <testcase classname="webmath.com.TS5_PersonalFinance" name="TC011" time="1.624"/>
  <testcase classname="webmath.com.TS5_PersonalFinance" name="TC012" time="3.065"/>
  <testcase classname="webmath.com.TS6_MathAtHome" name="TC001" time="1.43"/>
  <testcase classname="webmath.com.TS6_MathAtHome" name="TC002" time="1.702"/>
  <testcase classname="webmath.com.TS6_MathAtHome" name="TC003" time="3.701"/>
  <testcase classname="webmath.com.TS7_MathAndBeyond" name="TC001" time="1.286"/>
  <testcase classname="webmath.com.TS7_MathAndBeyond" name="TC002" time="1.428"/>
  <testcase classname="webmath.com.TS7_MathAndBeyond" name="TC003" time="3.429"/>
</testsuite> <!-- Test -->
