<?xml version="1.0" encoding="UTF-8"?>
<testng-results ignored="0" total="72" passed="72" failed="0" skipped="0">
  <reporter-output>
  </reporter-output>
  <suite started-at="2023-05-25T19:28:05 IST" name="Test Suite" finished-at="2023-05-25T19:31:49 IST" duration-ms="223923">
    <groups>
    </groups>
    <test started-at="2023-05-25T19:28:05 IST" name="Test" finished-at="2023-05-25T19:31:49 IST" duration-ms="223923">
      <class name="webmath.com.TS3_EverydayMath">
        <test-method is-config="true" signature="launch()[pri:0, instance:webmath.com.TS3_EverydayMath@399f45b1]" started-at="2023-05-25T19:28:34 IST" name="launch" finished-at="2023-05-25T19:28:38 IST" duration-ms="4483" status="PASS">
          <reporter-output>
          </reporter-output>
        </test-method> <!-- launch -->
        <test-method is-config="true" signature="ToMathForEveryone()[pri:0, instance:webmath.com.TS3_EverydayMath@399f45b1]" started-at="2023-05-25T19:28:38 IST" name="ToMathForEveryone" finished-at="2023-05-25T19:28:40 IST" duration-ms="1454" status="PASS">
          <reporter-output>
          </reporter-output>
        </test-method> <!-- ToMathForEveryone -->
        <test-method signature="TC001()[pri:1, instance:webmath.com.TS3_EverydayMath@399f45b1]" started-at="2023-05-25T19:28:40 IST" name="TC001" finished-at="2023-05-25T19:28:41 IST" duration-ms="1258" status="PASS">
          <reporter-output>
          </reporter-output>
        </test-method> <!-- TC001 -->
        <test-method is-config="true" signature="tomainframe()[pri:0, instance:webmath.com.TS3_EverydayMath@399f45b1]" started-at="2023-05-25T19:28:41 IST" name="tomainframe" finished-at="2023-05-25T19:28:41 IST" duration-ms="10" status="PASS">
          <reporter-output>
          </reporter-output>
        </test-method> <!-- tomainframe -->
        <test-method is-config="true" signature="ToMathForEveryone()[pri:0, instance:webmath.com.TS3_EverydayMath@399f45b1]" started-at="2023-05-25T19:28:41 IST" name="ToMathForEveryone" finished-at="2023-05-25T19:28:42 IST" duration-ms="1299" status="PASS">
          <reporter-output>
          </reporter-output>
        </test-method> <!-- ToMathForEveryone -->
        <test-method signature="TC002()[pri:2, instance:webmath.com.TS3_EverydayMath@399f45b1]" started-at="2023-05-25T19:28:42 IST" name="TC002" finished-at="2023-05-25T19:28:44 IST" duration-ms="1368" status="PASS">
          <reporter-output>
          </reporter-output>
        </test-method> <!-- TC002 -->
        <test-method is-config="true" signature="tomainframe()[pri:0, instance:webmath.com.TS3_EverydayMath@399f45b1]" started-at="2023-05-25T19:28:44 IST" name="tomainframe" finished-at="2023-05-25T19:28:44 IST" duration-ms="8" status="PASS">
          <reporter-output>
          </reporter-output>
        </test-method> <!-- tomainframe -->
        <test-method is-config="true" signature="ToMathForEveryone()[pri:0, instance:webmath.com.TS3_EverydayMath@399f45b1]" started-at="2023-05-25T19:28:44 IST" name="ToMathForEveryone" finished-at="2023-05-25T19:28:45 IST" duration-ms="1178" status="PASS">
          <reporter-output>
          </reporter-output>
        </test-method> <!-- ToMathForEveryone -->
        <test-method signature="TC003()[pri:3, instance:webmath.com.TS3_EverydayMath@399f45b1]" started-at="2023-05-25T19:28:45 IST" name="TC003" finished-at="2023-05-25T19:28:48 IST" duration-ms="2832" status="PASS">
          <reporter-output>
          </reporter-output>
        </test-method> <!-- TC003 -->
        <test-method is-config="true" signature="tomainframe()[pri:0, instance:webmath.com.TS3_EverydayMath@399f45b1]" started-at="2023-05-25T19:28:48 IST" name="tomainframe" finished-at="2023-05-25T19:28:48 IST" duration-ms="19" status="PASS">
          <reporter-output>
          </reporter-output>
        </test-method> <!-- tomainframe -->
        <test-method is-config="true" signature="ToMathForEveryone()[pri:0, instance:webmath.com.TS3_EverydayMath@399f45b1]" started-at="2023-05-25T19:28:48 IST" name="ToMathForEveryone" finished-at="2023-05-25T19:28:49 IST" duration-ms="1294" status="PASS">
          <reporter-output>
          </reporter-output>
        </test-method> <!-- ToMathForEveryone -->
        <test-method signature="TC004()[pri:4, instance:webmath.com.TS3_EverydayMath@399f45b1]" started-at="2023-05-25T19:28:49 IST" name="TC004" finished-at="2023-05-25T19:28:51 IST" duration-ms="1384" status="PASS">
          <reporter-output>
          </reporter-output>
        </test-method> <!-- TC004 -->
        <test-method is-config="true" signature="tomainframe()[pri:0, instance:webmath.com.TS3_EverydayMath@399f45b1]" started-at="2023-05-25T19:28:51 IST" name="tomainframe" finished-at="2023-05-25T19:28:51 IST" duration-ms="9" status="PASS">
          <reporter-output>
          </reporter-output>
        </test-method> <!-- tomainframe -->
        <test-method is-config="true" signature="ToMathForEveryone()[pri:0, instance:webmath.com.TS3_EverydayMath@399f45b1]" started-at="2023-05-25T19:28:51 IST" name="ToMathForEveryone" finished-at="2023-05-25T19:28:52 IST" duration-ms="1215" status="PASS">
          <reporter-output>
          </reporter-output>
        </test-method> <!-- ToMathForEveryone -->
        <test-method signature="TC005()[pri:5, instance:webmath.com.TS3_EverydayMath@399f45b1]" started-at="2023-05-25T19:28:52 IST" name="TC005" finished-at="2023-05-25T19:28:53 IST" duration-ms="1312" status="PASS">
          <reporter-output>
          </reporter-output>
        </test-method> <!-- TC005 -->
        <test-method is-config="true" signature="tomainframe()[pri:0, instance:webmath.com.TS3_EverydayMath@399f45b1]" started-at="2023-05-25T19:28:53 IST" name="tomainframe" finished-at="2023-05-25T19:28:53 IST" duration-ms="0" status="PASS">
          <reporter-output>
          </reporter-output>
        </test-method> <!-- tomainframe -->
        <test-method is-config="true" signature="ToMathForEveryone()[pri:0, instance:webmath.com.TS3_EverydayMath@399f45b1]" started-at="2023-05-25T19:28:53 IST" name="ToMathForEveryone" finished-at="2023-05-25T19:28:54 IST" duration-ms="1249" status="PASS">
          <reporter-output>
          </reporter-output>
        </test-method> <!-- ToMathForEveryone -->
        <test-method signature="TC006()[pri:6, instance:webmath.com.TS3_EverydayMath@399f45b1]" started-at="2023-05-25T19:28:54 IST" name="TC006" finished-at="2023-05-25T19:28:57 IST" duration-ms="2806" status="PASS">
          <reporter-output>
          </reporter-output>
        </test-method> <!-- TC006 -->
        <test-method is-config="true" signature="tomainframe()[pri:0, instance:webmath.com.TS3_EverydayMath@399f45b1]" started-at="2023-05-25T19:28:57 IST" name="tomainframe" finished-at="2023-05-25T19:28:57 IST" duration-ms="15" status="PASS">
          <reporter-output>
          </reporter-output>
        </test-method> <!-- tomainframe -->
        <test-method is-config="true" signature="ToMathForEveryone()[pri:0, instance:webmath.com.TS3_EverydayMath@399f45b1]" started-at="2023-05-25T19:28:57 IST" name="ToMathForEveryone" finished-at="2023-05-25T19:28:58 IST" duration-ms="1122" status="PASS">
          <reporter-output>
          </reporter-output>
        </test-method> <!-- ToMathForEveryone -->
        <test-method signature="TC007()[pri:7, instance:webmath.com.TS3_EverydayMath@399f45b1]" started-at="2023-05-25T19:28:58 IST" name="TC007" finished-at="2023-05-25T19:29:00 IST" duration-ms="1391" status="PASS">
          <reporter-output>
          </reporter-output>
        </test-method> <!-- TC007 -->
        <test-method is-config="true" signature="tomainframe()[pri:0, instance:webmath.com.TS3_EverydayMath@399f45b1]" started-at="2023-05-25T19:29:00 IST" name="tomainframe" finished-at="2023-05-25T19:29:00 IST" duration-ms="8" status="PASS">
          <reporter-output>
          </reporter-output>
        </test-method> <!-- tomainframe -->
        <test-method is-config="true" signature="ToMathForEveryone()[pri:0, instance:webmath.com.TS3_EverydayMath@399f45b1]" started-at="2023-05-25T19:29:00 IST" name="ToMathForEveryone" finished-at="2023-05-25T19:29:01 IST" duration-ms="1301" status="PASS">
          <reporter-output>
          </reporter-output>
        </test-method> <!-- ToMathForEveryone -->
        <test-method signature="TC008()[pri:8, instance:webmath.com.TS3_EverydayMath@399f45b1]" started-at="2023-05-25T19:29:01 IST" name="TC008" finished-at="2023-05-25T19:29:02 IST" duration-ms="1457" status="PASS">
          <reporter-output>
          </reporter-output>
        </test-method> <!-- TC008 -->
        <test-method is-config="true" signature="tomainframe()[pri:0, instance:webmath.com.TS3_EverydayMath@399f45b1]" started-at="2023-05-25T19:29:02 IST" name="tomainframe" finished-at="2023-05-25T19:29:02 IST" duration-ms="0" status="PASS">
          <reporter-output>
          </reporter-output>
        </test-method> <!-- tomainframe -->
        <test-method is-config="true" signature="ToMathForEveryone()[pri:0, instance:webmath.com.TS3_EverydayMath@399f45b1]" started-at="2023-05-25T19:29:02 IST" name="ToMathForEveryone" finished-at="2023-05-25T19:29:04 IST" duration-ms="1214" status="PASS">
          <reporter-output>
          </reporter-output>
        </test-method> <!-- ToMathForEveryone -->
        <test-method signature="TC009()[pri:9, instance:webmath.com.TS3_EverydayMath@399f45b1]" started-at="2023-05-25T19:29:04 IST" name="TC009" finished-at="2023-05-25T19:29:06 IST" duration-ms="2713" status="PASS">
          <reporter-output>
          </reporter-output>
        </test-method> <!-- TC009 -->
        <test-method is-config="true" signature="tomainframe()[pri:0, instance:webmath.com.TS3_EverydayMath@399f45b1]" started-at="2023-05-25T19:29:06 IST" name="tomainframe" finished-at="2023-05-25T19:29:06 IST" duration-ms="0" status="PASS">
          <reporter-output>
          </reporter-output>
        </test-method> <!-- tomainframe -->
        <test-method is-config="true" signature="ToMathForEveryone()[pri:0, instance:webmath.com.TS3_EverydayMath@399f45b1]" started-at="2023-05-25T19:29:06 IST" name="ToMathForEveryone" finished-at="2023-05-25T19:29:08 IST" duration-ms="1152" status="PASS">
          <reporter-output>
          </reporter-output>
        </test-method> <!-- ToMathForEveryone -->
        <test-method signature="TC010()[pri:10, instance:webmath.com.TS3_EverydayMath@399f45b1]" started-at="2023-05-25T19:29:08 IST" name="TC010" finished-at="2023-05-25T19:29:09 IST" duration-ms="1257" status="PASS">
          <reporter-output>
          </reporter-output>
        </test-method> <!-- TC010 -->
        <test-method is-config="true" signature="tomainframe()[pri:0, instance:webmath.com.TS3_EverydayMath@399f45b1]" started-at="2023-05-25T19:29:09 IST" name="tomainframe" finished-at="2023-05-25T19:29:09 IST" duration-ms="11" status="PASS">
          <reporter-output>
          </reporter-output>
        </test-method> <!-- tomainframe -->
        <test-method is-config="true" signature="ToMathForEveryone()[pri:0, instance:webmath.com.TS3_EverydayMath@399f45b1]" started-at="2023-05-25T19:29:09 IST" name="ToMathForEveryone" finished-at="2023-05-25T19:29:10 IST" duration-ms="1207" status="PASS">
          <reporter-output>
          </reporter-output>
        </test-method> <!-- ToMathForEveryone -->
        <test-method signature="TC011()[pri:11, instance:webmath.com.TS3_EverydayMath@399f45b1]" started-at="2023-05-25T19:29:10 IST" name="TC011" finished-at="2023-05-25T19:29:11 IST" duration-ms="1028" status="PASS">
          <reporter-output>
          </reporter-output>
        </test-method> <!-- TC011 -->
        <test-method is-config="true" signature="ToMathForEveryone()[pri:0, instance:webmath.com.TS3_EverydayMath@399f45b1]" started-at="2023-05-25T19:29:11 IST" name="ToMathForEveryone" finished-at="2023-05-25T19:29:12 IST" duration-ms="1226" status="PASS">
          <reporter-output>
          </reporter-output>
        </test-method> <!-- ToMathForEveryone -->
        <test-method is-config="true" signature="tomainframe()[pri:0, instance:webmath.com.TS3_EverydayMath@399f45b1]" started-at="2023-05-25T19:29:11 IST" name="tomainframe" finished-at="2023-05-25T19:29:11 IST" duration-ms="0" status="PASS">
          <reporter-output>
          </reporter-output>
        </test-method> <!-- tomainframe -->
        <test-method signature="TC012()[pri:12, instance:webmath.com.TS3_EverydayMath@399f45b1]" started-at="2023-05-25T19:29:12 IST" name="TC012" finished-at="2023-05-25T19:29:15 IST" duration-ms="3070" status="PASS">
          <reporter-output>
          </reporter-output>
        </test-method> <!-- TC012 -->
        <test-method is-config="true" signature="tomainframe()[pri:0, instance:webmath.com.TS3_EverydayMath@399f45b1]" started-at="2023-05-25T19:29:15 IST" name="tomainframe" finished-at="2023-05-25T19:29:15 IST" duration-ms="0" status="PASS">
          <reporter-output>
          </reporter-output>
        </test-method> <!-- tomainframe -->
        <test-method is-config="true" signature="ToMathForEveryone()[pri:0, instance:webmath.com.TS3_EverydayMath@399f45b1]" started-at="2023-05-25T19:29:15 IST" name="ToMathForEveryone" finished-at="2023-05-25T19:29:17 IST" duration-ms="1224" status="PASS">
          <reporter-output>
          </reporter-output>
        </test-method> <!-- ToMathForEveryone -->
        <test-method signature="TC013()[pri:13, instance:webmath.com.TS3_EverydayMath@399f45b1]" started-at="2023-05-25T19:29:17 IST" name="TC013" finished-at="2023-05-25T19:29:17 IST" duration-ms="933" status="PASS">
          <reporter-output>
          </reporter-output>
        </test-method> <!-- TC013 -->
        <test-method is-config="true" signature="tomainframe()[pri:0, instance:webmath.com.TS3_EverydayMath@399f45b1]" started-at="2023-05-25T19:29:17 IST" name="tomainframe" finished-at="2023-05-25T19:29:17 IST" duration-ms="0" status="PASS">
          <reporter-output>
          </reporter-output>
        </test-method> <!-- tomainframe -->
        <test-method is-config="true" signature="ToMathForEveryone()[pri:0, instance:webmath.com.TS3_EverydayMath@399f45b1]" started-at="2023-05-25T19:29:17 IST" name="ToMathForEveryone" finished-at="2023-05-25T19:29:19 IST" duration-ms="1213" status="PASS">
          <reporter-output>
          </reporter-output>
        </test-method> <!-- ToMathForEveryone -->
        <test-method signature="TC014()[pri:14, instance:webmath.com.TS3_EverydayMath@399f45b1]" started-at="2023-05-25T19:29:19 IST" name="TC014" finished-at="2023-05-25T19:29:20 IST" duration-ms="928" status="PASS">
          <reporter-output>
          </reporter-output>
        </test-method> <!-- TC014 -->
        <test-method is-config="true" signature="tomainframe()[pri:0, instance:webmath.com.TS3_EverydayMath@399f45b1]" started-at="2023-05-25T19:29:20 IST" name="tomainframe" finished-at="2023-05-25T19:29:20 IST" duration-ms="0" status="PASS">
          <reporter-output>
          </reporter-output>
        </test-method> <!-- tomainframe -->
        <test-method is-config="true" signature="ToMathForEveryone()[pri:0, instance:webmath.com.TS3_EverydayMath@399f45b1]" started-at="2023-05-25T19:29:20 IST" name="ToMathForEveryone" finished-at="2023-05-25T19:29:21 IST" duration-ms="891" status="PASS">
          <reporter-output>
          </reporter-output>
        </test-method> <!-- ToMathForEveryone -->
        <test-method signature="TC015()[pri:15, instance:webmath.com.TS3_EverydayMath@399f45b1]" started-at="2023-05-25T19:29:21 IST" name="TC015" finished-at="2023-05-25T19:29:23 IST" duration-ms="2658" status="PASS">
          <reporter-output>
          </reporter-output>
        </test-method> <!-- TC015 -->
        <test-method is-config="true" signature="tomainframe()[pri:0, instance:webmath.com.TS3_EverydayMath@399f45b1]" started-at="2023-05-25T19:29:23 IST" name="tomainframe" finished-at="2023-05-25T19:29:23 IST" duration-ms="6" status="PASS">
          <reporter-output>
          </reporter-output>
        </test-method> <!-- tomainframe -->
        <test-method is-config="true" signature="close()[pri:0, instance:webmath.com.TS3_EverydayMath@399f45b1]" started-at="2023-05-25T19:29:23 IST" name="close" finished-at="2023-05-25T19:29:23 IST" duration-ms="287" status="PASS">
          <reporter-output>
          </reporter-output>
        </test-method> <!-- close -->
      </class> <!-- webmath.com.TS3_EverydayMath -->
      <class name="webmath.com.TS1_Homepage">
        <test-method is-config="true" signature="launch()[pri:0, instance:webmath.com.TS1_Homepage@245b4bdc]" started-at="2023-05-25T19:28:05 IST" name="launch" finished-at="2023-05-25T19:28:06 IST" duration-ms="1338" status="PASS">
          <reporter-output>
          </reporter-output>
        </test-method> <!-- launch -->
        <test-method signature="TC001()[pri:1, instance:webmath.com.TS1_Homepage@245b4bdc]" started-at="2023-05-25T19:28:06 IST" name="TC001" finished-at="2023-05-25T19:28:11 IST" duration-ms="4668" status="PASS">
          <reporter-output>
          </reporter-output>
        </test-method> <!-- TC001 -->
        <test-method signature="TC002()[pri:2, instance:webmath.com.TS1_Homepage@245b4bdc]" started-at="2023-05-25T19:28:11 IST" name="TC002" finished-at="2023-05-25T19:28:11 IST" duration-ms="49" status="PASS">
          <reporter-output>
          </reporter-output>
        </test-method> <!-- TC002 -->
        <test-method signature="TC003()[pri:3, instance:webmath.com.TS1_Homepage@245b4bdc]" started-at="2023-05-25T19:28:11 IST" name="TC003" finished-at="2023-05-25T19:28:12 IST" duration-ms="1302" status="PASS">
          <reporter-output>
          </reporter-output>
        </test-method> <!-- TC003 -->
        <test-method signature="TC004()[pri:4, instance:webmath.com.TS1_Homepage@245b4bdc]" started-at="2023-05-25T19:28:12 IST" name="TC004" finished-at="2023-05-25T19:28:13 IST" duration-ms="479" status="PASS">
          <reporter-output>
          </reporter-output>
        </test-method> <!-- TC004 -->
        <test-method signature="TC005()[pri:5, instance:webmath.com.TS1_Homepage@245b4bdc]" started-at="2023-05-25T19:28:13 IST" name="TC005" finished-at="2023-05-25T19:28:14 IST" duration-ms="1205" status="PASS">
          <reporter-output>
          </reporter-output>
        </test-method> <!-- TC005 -->
        <test-method signature="TC006()[pri:6, instance:webmath.com.TS1_Homepage@245b4bdc]" started-at="2023-05-25T19:28:14 IST" name="TC006" finished-at="2023-05-25T19:28:15 IST" duration-ms="1458" status="PASS">
          <reporter-output>
          </reporter-output>
        </test-method> <!-- TC006 -->
        <test-method signature="TC007()[pri:7, instance:webmath.com.TS1_Homepage@245b4bdc]" started-at="2023-05-25T19:28:15 IST" name="TC007" finished-at="2023-05-25T19:28:17 IST" duration-ms="1256" status="PASS">
          <reporter-output>
          </reporter-output>
        </test-method> <!-- TC007 -->
        <test-method signature="TC008()[pri:8, instance:webmath.com.TS1_Homepage@245b4bdc]" started-at="2023-05-25T19:28:17 IST" name="TC008" finished-at="2023-05-25T19:28:18 IST" duration-ms="1193" status="PASS">
          <reporter-output>
          </reporter-output>
        </test-method> <!-- TC008 -->
        <test-method signature="TC009()[pri:9, instance:webmath.com.TS1_Homepage@245b4bdc]" started-at="2023-05-25T19:28:18 IST" name="TC009" finished-at="2023-05-25T19:28:19 IST" duration-ms="1214" status="PASS">
          <reporter-output>
          </reporter-output>
        </test-method> <!-- TC009 -->
        <test-method signature="TC010()[pri:10, instance:webmath.com.TS1_Homepage@245b4bdc]" started-at="2023-05-25T19:28:19 IST" name="TC010" finished-at="2023-05-25T19:28:25 IST" duration-ms="6177" status="PASS">
          <reporter-output>
          </reporter-output>
        </test-method> <!-- TC010 -->
        <test-method is-config="true" signature="close()[pri:0, instance:webmath.com.TS1_Homepage@245b4bdc]" started-at="2023-05-25T19:28:25 IST" name="close" finished-at="2023-05-25T19:28:25 IST" duration-ms="257" status="PASS">
          <reporter-output>
          </reporter-output>
        </test-method> <!-- close -->
      </class> <!-- webmath.com.TS1_Homepage -->
      <class name="webmath.com.TS7_MathAndBeyond">
        <test-method is-config="true" signature="launch()[pri:0, instance:webmath.com.TS7_MathAndBeyond@35cabb2a]" started-at="2023-05-25T19:31:32 IST" name="launch" finished-at="2023-05-25T19:31:38 IST" duration-ms="5830" status="PASS">
          <reporter-output>
          </reporter-output>
        </test-method> <!-- launch -->
        <test-method is-config="true" signature="tomathforeveryone()[pri:0, instance:webmath.com.TS7_MathAndBeyond@35cabb2a]" started-at="2023-05-25T19:31:38 IST" name="tomathforeveryone" finished-at="2023-05-25T19:31:39 IST" duration-ms="1657" status="PASS">
          <reporter-output>
          </reporter-output>
        </test-method> <!-- tomathforeveryone -->
        <test-method signature="TC001()[pri:1, instance:webmath.com.TS7_MathAndBeyond@35cabb2a]" started-at="2023-05-25T19:31:39 IST" name="TC001" finished-at="2023-05-25T19:31:41 IST" duration-ms="1537" status="PASS">
          <reporter-output>
          </reporter-output>
        </test-method> <!-- TC001 -->
        <test-method is-config="true" signature="todefaultframe()[pri:0, instance:webmath.com.TS7_MathAndBeyond@35cabb2a]" started-at="2023-05-25T19:31:41 IST" name="todefaultframe" finished-at="2023-05-25T19:31:41 IST" duration-ms="4" status="PASS">
          <reporter-output>
          </reporter-output>
        </test-method> <!-- todefaultframe -->
        <test-method is-config="true" signature="tomathforeveryone()[pri:0, instance:webmath.com.TS7_MathAndBeyond@35cabb2a]" started-at="2023-05-25T19:31:41 IST" name="tomathforeveryone" finished-at="2023-05-25T19:31:42 IST" duration-ms="1251" status="PASS">
          <reporter-output>
          </reporter-output>
        </test-method> <!-- tomathforeveryone -->
        <test-method signature="TC002()[pri:2, instance:webmath.com.TS7_MathAndBeyond@35cabb2a]" started-at="2023-05-25T19:31:42 IST" name="TC002" finished-at="2023-05-25T19:31:44 IST" duration-ms="1716" status="PASS">
          <reporter-output>
          </reporter-output>
        </test-method> <!-- TC002 -->
        <test-method is-config="true" signature="todefaultframe()[pri:0, instance:webmath.com.TS7_MathAndBeyond@35cabb2a]" started-at="2023-05-25T19:31:44 IST" name="todefaultframe" finished-at="2023-05-25T19:31:44 IST" duration-ms="6" status="PASS">
          <reporter-output>
          </reporter-output>
        </test-method> <!-- todefaultframe -->
        <test-method is-config="true" signature="tomathforeveryone()[pri:0, instance:webmath.com.TS7_MathAndBeyond@35cabb2a]" started-at="2023-05-25T19:31:44 IST" name="tomathforeveryone" finished-at="2023-05-25T19:31:45 IST" duration-ms="1395" status="PASS">
          <reporter-output>
          </reporter-output>
        </test-method> <!-- tomathforeveryone -->
        <test-method signature="TC003()[pri:3, instance:webmath.com.TS7_MathAndBeyond@35cabb2a]" started-at="2023-05-25T19:31:45 IST" name="TC003" finished-at="2023-05-25T19:31:49 IST" duration-ms="3300" status="PASS">
          <reporter-output>
          </reporter-output>
        </test-method> <!-- TC003 -->
        <test-method is-config="true" signature="close()[pri:0, instance:webmath.com.TS7_MathAndBeyond@35cabb2a]" started-at="2023-05-25T19:31:49 IST" name="close" finished-at="2023-05-25T19:31:49 IST" duration-ms="158" status="PASS">
          <reporter-output>
          </reporter-output>
        </test-method> <!-- close -->
        <test-method is-config="true" signature="todefaultframe()[pri:0, instance:webmath.com.TS7_MathAndBeyond@35cabb2a]" started-at="2023-05-25T19:31:49 IST" name="todefaultframe" finished-at="2023-05-25T19:31:49 IST" duration-ms="0" status="PASS">
          <reporter-output>
          </reporter-output>
        </test-method> <!-- todefaultframe -->
      </class> <!-- webmath.com.TS7_MathAndBeyond -->
      <class name="webmath.com.TS6_MathAtHome">
        <test-method is-config="true" signature="launch()[pri:0, instance:webmath.com.TS6_MathAtHome@3a93b025]" started-at="2023-05-25T19:31:17 IST" name="launch" finished-at="2023-05-25T19:31:22 IST" duration-ms="4454" status="PASS">
          <reporter-output>
          </reporter-output>
        </test-method> <!-- launch -->
        <test-method is-config="true" signature="tomathforeveryone()[pri:0, instance:webmath.com.TS6_MathAtHome@3a93b025]" started-at="2023-05-25T19:31:22 IST" name="tomathforeveryone" finished-at="2023-05-25T19:31:23 IST" duration-ms="1622" status="PASS">
          <reporter-output>
          </reporter-output>
        </test-method> <!-- tomathforeveryone -->
        <test-method signature="TC001()[pri:1, instance:webmath.com.TS6_MathAtHome@3a93b025]" started-at="2023-05-25T19:31:23 IST" name="TC001" finished-at="2023-05-25T19:31:25 IST" duration-ms="1246" status="PASS">
          <reporter-output>
          </reporter-output>
        </test-method> <!-- TC001 -->
        <test-method is-config="true" signature="todefaultframe()[pri:0, instance:webmath.com.TS6_MathAtHome@3a93b025]" started-at="2023-05-25T19:31:25 IST" name="todefaultframe" finished-at="2023-05-25T19:31:25 IST" duration-ms="11" status="PASS">
          <reporter-output>
          </reporter-output>
        </test-method> <!-- todefaultframe -->
        <test-method is-config="true" signature="tomathforeveryone()[pri:0, instance:webmath.com.TS6_MathAtHome@3a93b025]" started-at="2023-05-25T19:31:25 IST" name="tomathforeveryone" finished-at="2023-05-25T19:31:26 IST" duration-ms="1242" status="PASS">
          <reporter-output>
          </reporter-output>
        </test-method> <!-- tomathforeveryone -->
        <test-method signature="TC002()[pri:2, instance:webmath.com.TS6_MathAtHome@3a93b025]" started-at="2023-05-25T19:31:26 IST" name="TC002" finished-at="2023-05-25T19:31:27 IST" duration-ms="1539" status="PASS">
          <reporter-output>
          </reporter-output>
        </test-method> <!-- TC002 -->
        <test-method is-config="true" signature="todefaultframe()[pri:0, instance:webmath.com.TS6_MathAtHome@3a93b025]" started-at="2023-05-25T19:31:27 IST" name="todefaultframe" finished-at="2023-05-25T19:31:27 IST" duration-ms="9" status="PASS">
          <reporter-output>
          </reporter-output>
        </test-method> <!-- todefaultframe -->
        <test-method is-config="true" signature="tomathforeveryone()[pri:0, instance:webmath.com.TS6_MathAtHome@3a93b025]" started-at="2023-05-25T19:31:27 IST" name="tomathforeveryone" finished-at="2023-05-25T19:31:29 IST" duration-ms="1295" status="PASS">
          <reporter-output>
          </reporter-output>
        </test-method> <!-- tomathforeveryone -->
        <test-method signature="TC003()[pri:3, instance:webmath.com.TS6_MathAtHome@3a93b025]" started-at="2023-05-25T19:31:29 IST" name="TC003" finished-at="2023-05-25T19:31:32 IST" duration-ms="2997" status="PASS">
          <reporter-output>
          </reporter-output>
        </test-method> <!-- TC003 -->
        <test-method is-config="true" signature="todefaultframe()[pri:0, instance:webmath.com.TS6_MathAtHome@3a93b025]" started-at="2023-05-25T19:31:32 IST" name="todefaultframe" finished-at="2023-05-25T19:31:32 IST" duration-ms="20" status="PASS">
          <reporter-output>
          </reporter-output>
        </test-method> <!-- todefaultframe -->
        <test-method is-config="true" signature="close()[pri:0, instance:webmath.com.TS6_MathAtHome@3a93b025]" started-at="2023-05-25T19:31:32 IST" name="close" finished-at="2023-05-25T19:31:32 IST" duration-ms="148" status="PASS">
          <reporter-output>
          </reporter-output>
        </test-method> <!-- close -->
      </class> <!-- webmath.com.TS6_MathAtHome -->
      <class name="webmath.com.TS2_MathForEveryone">
        <test-method is-config="true" signature="launch()[pri:0, instance:webmath.com.TS2_MathForEveryone@2d7275fc]" started-at="2023-05-25T19:28:25 IST" name="launch" finished-at="2023-05-25T19:28:32 IST" duration-ms="6303" status="PASS">
          <reporter-output>
          </reporter-output>
        </test-method> <!-- launch -->
        <test-method signature="TC001()[pri:1, instance:webmath.com.TS2_MathForEveryone@2d7275fc]" started-at="2023-05-25T19:28:32 IST" name="TC001" finished-at="2023-05-25T19:28:32 IST" duration-ms="13" status="PASS">
          <reporter-output>
          </reporter-output>
        </test-method> <!-- TC001 -->
        <test-method signature="TC002()[pri:2, instance:webmath.com.TS2_MathForEveryone@2d7275fc]" started-at="2023-05-25T19:28:32 IST" name="TC002" finished-at="2023-05-25T19:28:32 IST" duration-ms="27" status="PASS">
          <reporter-output>
          </reporter-output>
        </test-method> <!-- TC002 -->
        <test-method signature="TC003()[pri:3, instance:webmath.com.TS2_MathForEveryone@2d7275fc]" started-at="2023-05-25T19:28:32 IST" name="TC003" finished-at="2023-05-25T19:28:32 IST" duration-ms="198" status="PASS">
          <reporter-output>
          </reporter-output>
        </test-method> <!-- TC003 -->
        <test-method signature="TC004()[pri:4, instance:webmath.com.TS2_MathForEveryone@2d7275fc]" started-at="2023-05-25T19:28:32 IST" name="TC004" finished-at="2023-05-25T19:28:32 IST" duration-ms="225" status="PASS">
          <reporter-output>
          </reporter-output>
        </test-method> <!-- TC004 -->
        <test-method signature="TC005()[pri:5, instance:webmath.com.TS2_MathForEveryone@2d7275fc]" started-at="2023-05-25T19:28:32 IST" name="TC005" finished-at="2023-05-25T19:28:32 IST" duration-ms="142" status="PASS">
          <reporter-output>
          </reporter-output>
        </test-method> <!-- TC005 -->
        <test-method signature="TC006()[pri:6, instance:webmath.com.TS2_MathForEveryone@2d7275fc]" started-at="2023-05-25T19:28:32 IST" name="TC006" finished-at="2023-05-25T19:28:32 IST" duration-ms="47" status="PASS">
          <reporter-output>
          </reporter-output>
        </test-method> <!-- TC006 -->
        <test-method signature="TC007()[pri:7, instance:webmath.com.TS2_MathForEveryone@2d7275fc]" started-at="2023-05-25T19:28:32 IST" name="TC007" finished-at="2023-05-25T19:28:32 IST" duration-ms="29" status="PASS">
          <reporter-output>
          </reporter-output>
        </test-method> <!-- TC007 -->
        <test-method signature="TC008()[pri:8, instance:webmath.com.TS2_MathForEveryone@2d7275fc]" started-at="2023-05-25T19:28:32 IST" name="TC008" finished-at="2023-05-25T19:28:34 IST" duration-ms="1297" status="PASS">
          <reporter-output>
          </reporter-output>
        </test-method> <!-- TC008 -->
        <test-method is-config="true" signature="close()[pri:0, instance:webmath.com.TS2_MathForEveryone@2d7275fc]" started-at="2023-05-25T19:28:34 IST" name="close" finished-at="2023-05-25T19:28:34 IST" duration-ms="238" status="PASS">
          <reporter-output>
          </reporter-output>
        </test-method> <!-- close -->
      </class> <!-- webmath.com.TS2_MathForEveryone -->
      <class name="webmath.com.TS5_PersonalFinance">
        <test-method is-config="true" signature="launch()[pri:0, instance:webmath.com.TS5_PersonalFinance@79e2c065]" started-at="2023-05-25T19:30:34 IST" name="launch" finished-at="2023-05-25T19:30:39 IST" duration-ms="5150" status="PASS">
          <reporter-output>
          </reporter-output>
        </test-method> <!-- launch -->
        <test-method is-config="true" signature="tomathforeveryone()[pri:0, instance:webmath.com.TS5_PersonalFinance@79e2c065]" started-at="2023-05-25T19:30:39 IST" name="tomathforeveryone" finished-at="2023-05-25T19:30:40 IST" duration-ms="1422" status="PASS">
          <reporter-output>
          </reporter-output>
        </test-method> <!-- tomathforeveryone -->
        <test-method signature="TC001()[pri:1, instance:webmath.com.TS5_PersonalFinance@79e2c065]" started-at="2023-05-25T19:30:40 IST" name="TC001" finished-at="2023-05-25T19:30:41 IST" duration-ms="1245" status="PASS">
          <reporter-output>
          </reporter-output>
        </test-method> <!-- TC001 -->
        <test-method is-config="true" signature="todefaultframe()[pri:0, instance:webmath.com.TS5_PersonalFinance@79e2c065]" started-at="2023-05-25T19:30:41 IST" name="todefaultframe" finished-at="2023-05-25T19:30:41 IST" duration-ms="7" status="PASS">
          <reporter-output>
          </reporter-output>
        </test-method> <!-- todefaultframe -->
        <test-method is-config="true" signature="tomathforeveryone()[pri:0, instance:webmath.com.TS5_PersonalFinance@79e2c065]" started-at="2023-05-25T19:30:41 IST" name="tomathforeveryone" finished-at="2023-05-25T19:30:43 IST" duration-ms="1707" status="PASS">
          <reporter-output>
          </reporter-output>
        </test-method> <!-- tomathforeveryone -->
        <test-method signature="TC002()[pri:2, instance:webmath.com.TS5_PersonalFinance@79e2c065]" started-at="2023-05-25T19:30:43 IST" name="TC002" finished-at="2023-05-25T19:30:45 IST" duration-ms="1476" status="PASS">
          <reporter-output>
          </reporter-output>
        </test-method> <!-- TC002 -->
        <test-method is-config="true" signature="todefaultframe()[pri:0, instance:webmath.com.TS5_PersonalFinance@79e2c065]" started-at="2023-05-25T19:30:45 IST" name="todefaultframe" finished-at="2023-05-25T19:30:45 IST" duration-ms="7" status="PASS">
          <reporter-output>
          </reporter-output>
        </test-method> <!-- todefaultframe -->
        <test-method is-config="true" signature="tomathforeveryone()[pri:0, instance:webmath.com.TS5_PersonalFinance@79e2c065]" started-at="2023-05-25T19:30:45 IST" name="tomathforeveryone" finished-at="2023-05-25T19:30:46 IST" duration-ms="1132" status="PASS">
          <reporter-output>
          </reporter-output>
        </test-method> <!-- tomathforeveryone -->
        <test-method signature="TC003()[pri:3, instance:webmath.com.TS5_PersonalFinance@79e2c065]" started-at="2023-05-25T19:30:46 IST" name="TC003" finished-at="2023-05-25T19:30:49 IST" duration-ms="3351" status="PASS">
          <reporter-output>
          </reporter-output>
        </test-method> <!-- TC003 -->
        <test-method is-config="true" signature="todefaultframe()[pri:0, instance:webmath.com.TS5_PersonalFinance@79e2c065]" started-at="2023-05-25T19:30:49 IST" name="todefaultframe" finished-at="2023-05-25T19:30:49 IST" duration-ms="16" status="PASS">
          <reporter-output>
          </reporter-output>
        </test-method> <!-- todefaultframe -->
        <test-method is-config="true" signature="tomathforeveryone()[pri:0, instance:webmath.com.TS5_PersonalFinance@79e2c065]" started-at="2023-05-25T19:30:49 IST" name="tomathforeveryone" finished-at="2023-05-25T19:30:50 IST" duration-ms="1225" status="PASS">
          <reporter-output>
          </reporter-output>
        </test-method> <!-- tomathforeveryone -->
        <test-method signature="TC004()[pri:4, instance:webmath.com.TS5_PersonalFinance@79e2c065]" started-at="2023-05-25T19:30:50 IST" name="TC004" finished-at="2023-05-25T19:30:52 IST" duration-ms="1201" status="PASS">
          <reporter-output>
          </reporter-output>
        </test-method> <!-- TC004 -->
        <test-method is-config="true" signature="todefaultframe()[pri:0, instance:webmath.com.TS5_PersonalFinance@79e2c065]" started-at="2023-05-25T19:30:52 IST" name="todefaultframe" finished-at="2023-05-25T19:30:52 IST" duration-ms="13" status="PASS">
          <reporter-output>
          </reporter-output>
        </test-method> <!-- todefaultframe -->
        <test-method is-config="true" signature="tomathforeveryone()[pri:0, instance:webmath.com.TS5_PersonalFinance@79e2c065]" started-at="2023-05-25T19:30:52 IST" name="tomathforeveryone" finished-at="2023-05-25T19:30:53 IST" duration-ms="1526" status="PASS">
          <reporter-output>
          </reporter-output>
        </test-method> <!-- tomathforeveryone -->
        <test-method signature="TC005()[pri:5, instance:webmath.com.TS5_PersonalFinance@79e2c065]" started-at="2023-05-25T19:30:53 IST" name="TC005" finished-at="2023-05-25T19:30:54 IST" duration-ms="1348" status="PASS">
          <reporter-output>
          </reporter-output>
        </test-method> <!-- TC005 -->
        <test-method is-config="true" signature="todefaultframe()[pri:0, instance:webmath.com.TS5_PersonalFinance@79e2c065]" started-at="2023-05-25T19:30:54 IST" name="todefaultframe" finished-at="2023-05-25T19:30:54 IST" duration-ms="0" status="PASS">
          <reporter-output>
          </reporter-output>
        </test-method> <!-- todefaultframe -->
        <test-method is-config="true" signature="tomathforeveryone()[pri:0, instance:webmath.com.TS5_PersonalFinance@79e2c065]" started-at="2023-05-25T19:30:54 IST" name="tomathforeveryone" finished-at="2023-05-25T19:30:56 IST" duration-ms="1201" status="PASS">
          <reporter-output>
          </reporter-output>
        </test-method> <!-- tomathforeveryone -->
        <test-method signature="TC006()[pri:6, instance:webmath.com.TS5_PersonalFinance@79e2c065]" started-at="2023-05-25T19:30:56 IST" name="TC006" finished-at="2023-05-25T19:30:58 IST" duration-ms="2712" status="PASS">
          <reporter-output>
          </reporter-output>
        </test-method> <!-- TC006 -->
        <test-method is-config="true" signature="todefaultframe()[pri:0, instance:webmath.com.TS5_PersonalFinance@79e2c065]" started-at="2023-05-25T19:30:58 IST" name="todefaultframe" finished-at="2023-05-25T19:30:58 IST" duration-ms="10" status="PASS">
          <reporter-output>
          </reporter-output>
        </test-method> <!-- todefaultframe -->
        <test-method is-config="true" signature="tomathforeveryone()[pri:0, instance:webmath.com.TS5_PersonalFinance@79e2c065]" started-at="2023-05-25T19:30:58 IST" name="tomathforeveryone" finished-at="2023-05-25T19:31:00 IST" duration-ms="1213" status="PASS">
          <reporter-output>
          </reporter-output>
        </test-method> <!-- tomathforeveryone -->
        <test-method signature="TC007()[pri:7, instance:webmath.com.TS5_PersonalFinance@79e2c065]" started-at="2023-05-25T19:31:00 IST" name="TC007" finished-at="2023-05-25T19:31:01 IST" duration-ms="1289" status="PASS">
          <reporter-output>
          </reporter-output>
        </test-method> <!-- TC007 -->
        <test-method is-config="true" signature="todefaultframe()[pri:0, instance:webmath.com.TS5_PersonalFinance@79e2c065]" started-at="2023-05-25T19:31:01 IST" name="todefaultframe" finished-at="2023-05-25T19:31:01 IST" duration-ms="8" status="PASS">
          <reporter-output>
          </reporter-output>
        </test-method> <!-- todefaultframe -->
        <test-method is-config="true" signature="tomathforeveryone()[pri:0, instance:webmath.com.TS5_PersonalFinance@79e2c065]" started-at="2023-05-25T19:31:01 IST" name="tomathforeveryone" finished-at="2023-05-25T19:31:02 IST" duration-ms="1417" status="PASS">
          <reporter-output>
          </reporter-output>
        </test-method> <!-- tomathforeveryone -->
        <test-method signature="TC008()[pri:8, instance:webmath.com.TS5_PersonalFinance@79e2c065]" started-at="2023-05-25T19:31:02 IST" name="TC008" finished-at="2023-05-25T19:31:04 IST" duration-ms="1422" status="PASS">
          <reporter-output>
          </reporter-output>
        </test-method> <!-- TC008 -->
        <test-method is-config="true" signature="todefaultframe()[pri:0, instance:webmath.com.TS5_PersonalFinance@79e2c065]" started-at="2023-05-25T19:31:04 IST" name="todefaultframe" finished-at="2023-05-25T19:31:04 IST" duration-ms="9" status="PASS">
          <reporter-output>
          </reporter-output>
        </test-method> <!-- todefaultframe -->
        <test-method is-config="true" signature="tomathforeveryone()[pri:0, instance:webmath.com.TS5_PersonalFinance@79e2c065]" started-at="2023-05-25T19:31:04 IST" name="tomathforeveryone" finished-at="2023-05-25T19:31:05 IST" duration-ms="1327" status="PASS">
          <reporter-output>
          </reporter-output>
        </test-method> <!-- tomathforeveryone -->
        <test-method signature="TC009()[pri:9, instance:webmath.com.TS5_PersonalFinance@79e2c065]" started-at="2023-05-25T19:31:05 IST" name="TC009" finished-at="2023-05-25T19:31:08 IST" duration-ms="2744" status="PASS">
          <reporter-output>
          </reporter-output>
        </test-method> <!-- TC009 -->
        <test-method is-config="true" signature="todefaultframe()[pri:0, instance:webmath.com.TS5_PersonalFinance@79e2c065]" started-at="2023-05-25T19:31:08 IST" name="todefaultframe" finished-at="2023-05-25T19:31:08 IST" duration-ms="1" status="PASS">
          <reporter-output>
          </reporter-output>
        </test-method> <!-- todefaultframe -->
        <test-method is-config="true" signature="tomathforeveryone()[pri:0, instance:webmath.com.TS5_PersonalFinance@79e2c065]" started-at="2023-05-25T19:31:08 IST" name="tomathforeveryone" finished-at="2023-05-25T19:31:09 IST" duration-ms="1103" status="PASS">
          <reporter-output>
          </reporter-output>
        </test-method> <!-- tomathforeveryone -->
        <test-method signature="TC010()[pri:10, instance:webmath.com.TS5_PersonalFinance@79e2c065]" started-at="2023-05-25T19:31:09 IST" name="TC010" finished-at="2023-05-25T19:31:10 IST" duration-ms="1260" status="PASS">
          <reporter-output>
          </reporter-output>
        </test-method> <!-- TC010 -->
        <test-method is-config="true" signature="todefaultframe()[pri:0, instance:webmath.com.TS5_PersonalFinance@79e2c065]" started-at="2023-05-25T19:31:10 IST" name="todefaultframe" finished-at="2023-05-25T19:31:10 IST" duration-ms="8" status="PASS">
          <reporter-output>
          </reporter-output>
        </test-method> <!-- todefaultframe -->
        <test-method is-config="true" signature="tomathforeveryone()[pri:0, instance:webmath.com.TS5_PersonalFinance@79e2c065]" started-at="2023-05-25T19:31:10 IST" name="tomathforeveryone" finished-at="2023-05-25T19:31:11 IST" duration-ms="1123" status="PASS">
          <reporter-output>
          </reporter-output>
        </test-method> <!-- tomathforeveryone -->
        <test-method signature="TC011()[pri:11, instance:webmath.com.TS5_PersonalFinance@79e2c065]" started-at="2023-05-25T19:31:11 IST" name="TC011" finished-at="2023-05-25T19:31:13 IST" duration-ms="1484" status="PASS">
          <reporter-output>
          </reporter-output>
        </test-method> <!-- TC011 -->
        <test-method is-config="true" signature="todefaultframe()[pri:0, instance:webmath.com.TS5_PersonalFinance@79e2c065]" started-at="2023-05-25T19:31:13 IST" name="todefaultframe" finished-at="2023-05-25T19:31:13 IST" duration-ms="1" status="PASS">
          <reporter-output>
          </reporter-output>
        </test-method> <!-- todefaultframe -->
        <test-method is-config="true" signature="tomathforeveryone()[pri:0, instance:webmath.com.TS5_PersonalFinance@79e2c065]" started-at="2023-05-25T19:31:13 IST" name="tomathforeveryone" finished-at="2023-05-25T19:31:14 IST" duration-ms="1175" status="PASS">
          <reporter-output>
          </reporter-output>
        </test-method> <!-- tomathforeveryone -->
        <test-method signature="TC012()[pri:12, instance:webmath.com.TS5_PersonalFinance@79e2c065]" started-at="2023-05-25T19:31:14 IST" name="TC012" finished-at="2023-05-25T19:31:17 IST" duration-ms="3025" status="PASS">
          <reporter-output>
          </reporter-output>
        </test-method> <!-- TC012 -->
        <test-method is-config="true" signature="close()[pri:0, instance:webmath.com.TS5_PersonalFinance@79e2c065]" started-at="2023-05-25T19:31:17 IST" name="close" finished-at="2023-05-25T19:31:17 IST" duration-ms="209" status="PASS">
          <reporter-output>
          </reporter-output>
        </test-method> <!-- close -->
        <test-method is-config="true" signature="todefaultframe()[pri:0, instance:webmath.com.TS5_PersonalFinance@79e2c065]" started-at="2023-05-25T19:31:17 IST" name="todefaultframe" finished-at="2023-05-25T19:31:17 IST" duration-ms="0" status="PASS">
          <reporter-output>
          </reporter-output>
        </test-method> <!-- todefaultframe -->
      </class> <!-- webmath.com.TS5_PersonalFinance -->
      <class name="webmath.com.TS4_UnitsConversion">
        <test-method is-config="true" signature="launch()[pri:0, instance:webmath.com.TS4_UnitsConversion@38c6f217]" started-at="2023-05-25T19:29:23 IST" name="launch" finished-at="2023-05-25T19:29:29 IST" duration-ms="5808" status="PASS">
          <reporter-output>
          </reporter-output>
        </test-method> <!-- launch -->
        <test-method is-config="true" signature="ToMathForEveryone()[pri:0, instance:webmath.com.TS4_UnitsConversion@38c6f217]" started-at="2023-05-25T19:29:29 IST" name="ToMathForEveryone" finished-at="2023-05-25T19:29:31 IST" duration-ms="1496" status="PASS">
          <reporter-output>
          </reporter-output>
        </test-method> <!-- ToMathForEveryone -->
        <test-method signature="TC001()[pri:1, instance:webmath.com.TS4_UnitsConversion@38c6f217]" started-at="2023-05-25T19:29:31 IST" name="TC001" description="Verify that the driver is being redirected to Length converter page" finished-at="2023-05-25T19:29:32 IST" duration-ms="1237" status="PASS">
          <reporter-output>
          </reporter-output>
        </test-method> <!-- TC001 -->
        <test-method is-config="true" signature="tomainframe()[pri:0, instance:webmath.com.TS4_UnitsConversion@38c6f217]" started-at="2023-05-25T19:29:32 IST" name="tomainframe" finished-at="2023-05-25T19:29:32 IST" duration-ms="5" status="PASS">
          <reporter-output>
          </reporter-output>
        </test-method> <!-- tomainframe -->
        <test-method is-config="true" signature="ToMathForEveryone()[pri:0, instance:webmath.com.TS4_UnitsConversion@38c6f217]" started-at="2023-05-25T19:29:32 IST" name="ToMathForEveryone" finished-at="2023-05-25T19:29:33 IST" duration-ms="1317" status="PASS">
          <reporter-output>
          </reporter-output>
        </test-method> <!-- ToMathForEveryone -->
        <test-method signature="TC002()[pri:2, instance:webmath.com.TS4_UnitsConversion@38c6f217]" started-at="2023-05-25T19:29:33 IST" name="TC002" finished-at="2023-05-25T19:29:35 IST" duration-ms="1354" status="PASS">
          <reporter-output>
          </reporter-output>
        </test-method> <!-- TC002 -->
        <test-method is-config="true" signature="tomainframe()[pri:0, instance:webmath.com.TS4_UnitsConversion@38c6f217]" started-at="2023-05-25T19:29:35 IST" name="tomainframe" finished-at="2023-05-25T19:29:35 IST" duration-ms="5" status="PASS">
          <reporter-output>
          </reporter-output>
        </test-method> <!-- tomainframe -->
        <test-method is-config="true" signature="ToMathForEveryone()[pri:0, instance:webmath.com.TS4_UnitsConversion@38c6f217]" started-at="2023-05-25T19:29:35 IST" name="ToMathForEveryone" finished-at="2023-05-25T19:29:36 IST" duration-ms="1216" status="PASS">
          <reporter-output>
          </reporter-output>
        </test-method> <!-- ToMathForEveryone -->
        <test-method signature="TC003()[pri:3, instance:webmath.com.TS4_UnitsConversion@38c6f217]" started-at="2023-05-25T19:29:36 IST" name="TC003" finished-at="2023-05-25T19:29:39 IST" duration-ms="3119" status="PASS">
          <reporter-output>
          </reporter-output>
        </test-method> <!-- TC003 -->
        <test-method is-config="true" signature="tomainframe()[pri:0, instance:webmath.com.TS4_UnitsConversion@38c6f217]" started-at="2023-05-25T19:29:39 IST" name="tomainframe" finished-at="2023-05-25T19:29:39 IST" duration-ms="0" status="PASS">
          <reporter-output>
          </reporter-output>
        </test-method> <!-- tomainframe -->
        <test-method is-config="true" signature="ToMathForEveryone()[pri:0, instance:webmath.com.TS4_UnitsConversion@38c6f217]" started-at="2023-05-25T19:29:39 IST" name="ToMathForEveryone" finished-at="2023-05-25T19:29:40 IST" duration-ms="1199" status="PASS">
          <reporter-output>
          </reporter-output>
        </test-method> <!-- ToMathForEveryone -->
        <test-method signature="TC004()[pri:4, instance:webmath.com.TS4_UnitsConversion@38c6f217]" started-at="2023-05-25T19:29:40 IST" name="TC004" finished-at="2023-05-25T19:29:41 IST" duration-ms="1214" status="PASS">
          <reporter-output>
          </reporter-output>
        </test-method> <!-- TC004 -->
        <test-method is-config="true" signature="tomainframe()[pri:0, instance:webmath.com.TS4_UnitsConversion@38c6f217]" started-at="2023-05-25T19:29:41 IST" name="tomainframe" finished-at="2023-05-25T19:29:41 IST" duration-ms="8" status="PASS">
          <reporter-output>
          </reporter-output>
        </test-method> <!-- tomainframe -->
        <test-method is-config="true" signature="ToMathForEveryone()[pri:0, instance:webmath.com.TS4_UnitsConversion@38c6f217]" started-at="2023-05-25T19:29:41 IST" name="ToMathForEveryone" finished-at="2023-05-25T19:29:43 IST" duration-ms="1338" status="PASS">
          <reporter-output>
          </reporter-output>
        </test-method> <!-- ToMathForEveryone -->
        <test-method signature="TC005()[pri:5, instance:webmath.com.TS4_UnitsConversion@38c6f217]" started-at="2023-05-25T19:29:43 IST" name="TC005" finished-at="2023-05-25T19:29:44 IST" duration-ms="1417" status="PASS">
          <reporter-output>
          </reporter-output>
        </test-method> <!-- TC005 -->
        <test-method is-config="true" signature="ToMathForEveryone()[pri:0, instance:webmath.com.TS4_UnitsConversion@38c6f217]" started-at="2023-05-25T19:29:44 IST" name="ToMathForEveryone" finished-at="2023-05-25T19:29:45 IST" duration-ms="1114" status="PASS">
          <reporter-output>
          </reporter-output>
        </test-method> <!-- ToMathForEveryone -->
        <test-method is-config="true" signature="tomainframe()[pri:0, instance:webmath.com.TS4_UnitsConversion@38c6f217]" started-at="2023-05-25T19:29:44 IST" name="tomainframe" finished-at="2023-05-25T19:29:44 IST" duration-ms="0" status="PASS">
          <reporter-output>
          </reporter-output>
        </test-method> <!-- tomainframe -->
        <test-method signature="TC006()[pri:6, instance:webmath.com.TS4_UnitsConversion@38c6f217]" started-at="2023-05-25T19:29:45 IST" name="TC006" finished-at="2023-05-25T19:29:48 IST" duration-ms="3040" status="PASS">
          <reporter-output>
          </reporter-output>
        </test-method> <!-- TC006 -->
        <test-method is-config="true" signature="tomainframe()[pri:0, instance:webmath.com.TS4_UnitsConversion@38c6f217]" started-at="2023-05-25T19:29:48 IST" name="tomainframe" finished-at="2023-05-25T19:29:48 IST" duration-ms="8" status="PASS">
          <reporter-output>
          </reporter-output>
        </test-method> <!-- tomainframe -->
        <test-method is-config="true" signature="ToMathForEveryone()[pri:0, instance:webmath.com.TS4_UnitsConversion@38c6f217]" started-at="2023-05-25T19:29:48 IST" name="ToMathForEveryone" finished-at="2023-05-25T19:29:50 IST" duration-ms="1252" status="PASS">
          <reporter-output>
          </reporter-output>
        </test-method> <!-- ToMathForEveryone -->
        <test-method signature="TC007()[pri:7, instance:webmath.com.TS4_UnitsConversion@38c6f217]" started-at="2023-05-25T19:29:50 IST" name="TC007" finished-at="2023-05-25T19:29:51 IST" duration-ms="1129" status="PASS">
          <reporter-output>
          </reporter-output>
        </test-method> <!-- TC007 -->
        <test-method is-config="true" signature="tomainframe()[pri:0, instance:webmath.com.TS4_UnitsConversion@38c6f217]" started-at="2023-05-25T19:29:51 IST" name="tomainframe" finished-at="2023-05-25T19:29:51 IST" duration-ms="8" status="PASS">
          <reporter-output>
          </reporter-output>
        </test-method> <!-- tomainframe -->
        <test-method is-config="true" signature="ToMathForEveryone()[pri:0, instance:webmath.com.TS4_UnitsConversion@38c6f217]" started-at="2023-05-25T19:29:51 IST" name="ToMathForEveryone" finished-at="2023-05-25T19:29:52 IST" duration-ms="1219" status="PASS">
          <reporter-output>
          </reporter-output>
        </test-method> <!-- ToMathForEveryone -->
        <test-method signature="TC008()[pri:8, instance:webmath.com.TS4_UnitsConversion@38c6f217]" started-at="2023-05-25T19:29:52 IST" name="TC008" finished-at="2023-05-25T19:29:53 IST" duration-ms="1315" status="PASS">
          <reporter-output>
          </reporter-output>
        </test-method> <!-- TC008 -->
        <test-method is-config="true" signature="tomainframe()[pri:0, instance:webmath.com.TS4_UnitsConversion@38c6f217]" started-at="2023-05-25T19:29:53 IST" name="tomainframe" finished-at="2023-05-25T19:29:53 IST" duration-ms="8" status="PASS">
          <reporter-output>
          </reporter-output>
        </test-method> <!-- tomainframe -->
        <test-method is-config="true" signature="ToMathForEveryone()[pri:0, instance:webmath.com.TS4_UnitsConversion@38c6f217]" started-at="2023-05-25T19:29:53 IST" name="ToMathForEveryone" finished-at="2023-05-25T19:29:55 IST" duration-ms="1231" status="PASS">
          <reporter-output>
          </reporter-output>
        </test-method> <!-- ToMathForEveryone -->
        <test-method signature="TC009()[pri:9, instance:webmath.com.TS4_UnitsConversion@38c6f217]" started-at="2023-05-25T19:29:55 IST" name="TC009" finished-at="2023-05-25T19:29:57 IST" duration-ms="2695" status="PASS">
          <reporter-output>
          </reporter-output>
        </test-method> <!-- TC009 -->
        <test-method is-config="true" signature="tomainframe()[pri:0, instance:webmath.com.TS4_UnitsConversion@38c6f217]" started-at="2023-05-25T19:29:57 IST" name="tomainframe" finished-at="2023-05-25T19:29:57 IST" duration-ms="12" status="PASS">
          <reporter-output>
          </reporter-output>
        </test-method> <!-- tomainframe -->
        <test-method is-config="true" signature="ToMathForEveryone()[pri:0, instance:webmath.com.TS4_UnitsConversion@38c6f217]" started-at="2023-05-25T19:29:57 IST" name="ToMathForEveryone" finished-at="2023-05-25T19:29:58 IST" duration-ms="1155" status="PASS">
          <reporter-output>
          </reporter-output>
        </test-method> <!-- ToMathForEveryone -->
        <test-method signature="TC010()[pri:10, instance:webmath.com.TS4_UnitsConversion@38c6f217]" started-at="2023-05-25T19:29:58 IST" name="TC010" finished-at="2023-05-25T19:30:00 IST" duration-ms="1264" status="PASS">
          <reporter-output>
          </reporter-output>
        </test-method> <!-- TC010 -->
        <test-method is-config="true" signature="tomainframe()[pri:0, instance:webmath.com.TS4_UnitsConversion@38c6f217]" started-at="2023-05-25T19:30:00 IST" name="tomainframe" finished-at="2023-05-25T19:30:00 IST" duration-ms="11" status="PASS">
          <reporter-output>
          </reporter-output>
        </test-method> <!-- tomainframe -->
        <test-method is-config="true" signature="ToMathForEveryone()[pri:0, instance:webmath.com.TS4_UnitsConversion@38c6f217]" started-at="2023-05-25T19:30:00 IST" name="ToMathForEveryone" finished-at="2023-05-25T19:30:02 IST" duration-ms="1827" status="PASS">
          <reporter-output>
          </reporter-output>
        </test-method> <!-- ToMathForEveryone -->
        <test-method signature="TC011()[pri:11, instance:webmath.com.TS4_UnitsConversion@38c6f217]" started-at="2023-05-25T19:30:02 IST" name="TC011" finished-at="2023-05-25T19:30:03 IST" duration-ms="1497" status="PASS">
          <reporter-output>
          </reporter-output>
        </test-method> <!-- TC011 -->
        <test-method is-config="true" signature="tomainframe()[pri:0, instance:webmath.com.TS4_UnitsConversion@38c6f217]" started-at="2023-05-25T19:30:03 IST" name="tomainframe" finished-at="2023-05-25T19:30:03 IST" duration-ms="6" status="PASS">
          <reporter-output>
          </reporter-output>
        </test-method> <!-- tomainframe -->
        <test-method is-config="true" signature="ToMathForEveryone()[pri:0, instance:webmath.com.TS4_UnitsConversion@38c6f217]" started-at="2023-05-25T19:30:03 IST" name="ToMathForEveryone" finished-at="2023-05-25T19:30:04 IST" duration-ms="1242" status="PASS">
          <reporter-output>
          </reporter-output>
        </test-method> <!-- ToMathForEveryone -->
        <test-method signature="TC012()[pri:12, instance:webmath.com.TS4_UnitsConversion@38c6f217]" started-at="2023-05-25T19:30:04 IST" name="TC012" finished-at="2023-05-25T19:30:07 IST" duration-ms="2944" status="PASS">
          <reporter-output>
          </reporter-output>
        </test-method> <!-- TC012 -->
        <test-method is-config="true" signature="tomainframe()[pri:0, instance:webmath.com.TS4_UnitsConversion@38c6f217]" started-at="2023-05-25T19:30:07 IST" name="tomainframe" finished-at="2023-05-25T19:30:07 IST" duration-ms="9" status="PASS">
          <reporter-output>
          </reporter-output>
        </test-method> <!-- tomainframe -->
        <test-method is-config="true" signature="ToMathForEveryone()[pri:0, instance:webmath.com.TS4_UnitsConversion@38c6f217]" started-at="2023-05-25T19:30:07 IST" name="ToMathForEveryone" finished-at="2023-05-25T19:30:08 IST" duration-ms="1254" status="PASS">
          <reporter-output>
          </reporter-output>
        </test-method> <!-- ToMathForEveryone -->
        <test-method signature="TC013()[pri:13, instance:webmath.com.TS4_UnitsConversion@38c6f217]" started-at="2023-05-25T19:30:08 IST" name="TC013" finished-at="2023-05-25T19:30:10 IST" duration-ms="1283" status="PASS">
          <reporter-output>
          </reporter-output>
        </test-method> <!-- TC013 -->
        <test-method is-config="true" signature="tomainframe()[pri:0, instance:webmath.com.TS4_UnitsConversion@38c6f217]" started-at="2023-05-25T19:30:10 IST" name="tomainframe" finished-at="2023-05-25T19:30:10 IST" duration-ms="11" status="PASS">
          <reporter-output>
          </reporter-output>
        </test-method> <!-- tomainframe -->
        <test-method is-config="true" signature="ToMathForEveryone()[pri:0, instance:webmath.com.TS4_UnitsConversion@38c6f217]" started-at="2023-05-25T19:30:10 IST" name="ToMathForEveryone" finished-at="2023-05-25T19:30:11 IST" duration-ms="1364" status="PASS">
          <reporter-output>
          </reporter-output>
        </test-method> <!-- ToMathForEveryone -->
        <test-method signature="TC014()[pri:14, instance:webmath.com.TS4_UnitsConversion@38c6f217]" started-at="2023-05-25T19:30:11 IST" name="TC014" finished-at="2023-05-25T19:30:12 IST" duration-ms="1320" status="PASS">
          <reporter-output>
          </reporter-output>
        </test-method> <!-- TC014 -->
        <test-method is-config="true" signature="tomainframe()[pri:0, instance:webmath.com.TS4_UnitsConversion@38c6f217]" started-at="2023-05-25T19:30:12 IST" name="tomainframe" finished-at="2023-05-25T19:30:12 IST" duration-ms="8" status="PASS">
          <reporter-output>
          </reporter-output>
        </test-method> <!-- tomainframe -->
        <test-method is-config="true" signature="ToMathForEveryone()[pri:0, instance:webmath.com.TS4_UnitsConversion@38c6f217]" started-at="2023-05-25T19:30:12 IST" name="ToMathForEveryone" finished-at="2023-05-25T19:30:14 IST" duration-ms="1346" status="PASS">
          <reporter-output>
          </reporter-output>
        </test-method> <!-- ToMathForEveryone -->
        <test-method signature="TC015()[pri:15, instance:webmath.com.TS4_UnitsConversion@38c6f217]" started-at="2023-05-25T19:30:14 IST" name="TC015" finished-at="2023-05-25T19:30:17 IST" duration-ms="3061" status="PASS">
          <reporter-output>
          </reporter-output>
        </test-method> <!-- TC015 -->
        <test-method is-config="true" signature="tomainframe()[pri:0, instance:webmath.com.TS4_UnitsConversion@38c6f217]" started-at="2023-05-25T19:30:17 IST" name="tomainframe" finished-at="2023-05-25T19:30:17 IST" duration-ms="3" status="PASS">
          <reporter-output>
          </reporter-output>
        </test-method> <!-- tomainframe -->
        <test-method is-config="true" signature="ToMathForEveryone()[pri:0, instance:webmath.com.TS4_UnitsConversion@38c6f217]" started-at="2023-05-25T19:30:17 IST" name="ToMathForEveryone" finished-at="2023-05-25T19:30:18 IST" duration-ms="1101" status="PASS">
          <reporter-output>
          </reporter-output>
        </test-method> <!-- ToMathForEveryone -->
        <test-method signature="TC016()[pri:16, instance:webmath.com.TS4_UnitsConversion@38c6f217]" started-at="2023-05-25T19:30:18 IST" name="TC016" finished-at="2023-05-25T19:30:19 IST" duration-ms="1203" status="PASS">
          <reporter-output>
          </reporter-output>
        </test-method> <!-- TC016 -->
        <test-method is-config="true" signature="tomainframe()[pri:0, instance:webmath.com.TS4_UnitsConversion@38c6f217]" started-at="2023-05-25T19:30:19 IST" name="tomainframe" finished-at="2023-05-25T19:30:19 IST" duration-ms="2" status="PASS">
          <reporter-output>
          </reporter-output>
        </test-method> <!-- tomainframe -->
        <test-method is-config="true" signature="ToMathForEveryone()[pri:0, instance:webmath.com.TS4_UnitsConversion@38c6f217]" started-at="2023-05-25T19:30:19 IST" name="ToMathForEveryone" finished-at="2023-05-25T19:30:20 IST" duration-ms="1275" status="PASS">
          <reporter-output>
          </reporter-output>
        </test-method> <!-- ToMathForEveryone -->
        <test-method signature="TC017()[pri:17, instance:webmath.com.TS4_UnitsConversion@38c6f217]" started-at="2023-05-25T19:30:20 IST" name="TC017" finished-at="2023-05-25T19:30:22 IST" duration-ms="1316" status="PASS">
          <reporter-output>
          </reporter-output>
        </test-method> <!-- TC017 -->
        <test-method is-config="true" signature="tomainframe()[pri:0, instance:webmath.com.TS4_UnitsConversion@38c6f217]" started-at="2023-05-25T19:30:22 IST" name="tomainframe" finished-at="2023-05-25T19:30:22 IST" duration-ms="7" status="PASS">
          <reporter-output>
          </reporter-output>
        </test-method> <!-- tomainframe -->
        <test-method is-config="true" signature="ToMathForEveryone()[pri:0, instance:webmath.com.TS4_UnitsConversion@38c6f217]" started-at="2023-05-25T19:30:22 IST" name="ToMathForEveryone" finished-at="2023-05-25T19:30:23 IST" duration-ms="1245" status="PASS">
          <reporter-output>
          </reporter-output>
        </test-method> <!-- ToMathForEveryone -->
        <test-method signature="TC018()[pri:18, instance:webmath.com.TS4_UnitsConversion@38c6f217]" started-at="2023-05-25T19:30:23 IST" name="TC018" finished-at="2023-05-25T19:30:26 IST" duration-ms="2679" status="PASS">
          <reporter-output>
          </reporter-output>
        </test-method> <!-- TC018 -->
        <test-method is-config="true" signature="tomainframe()[pri:0, instance:webmath.com.TS4_UnitsConversion@38c6f217]" started-at="2023-05-25T19:30:26 IST" name="tomainframe" finished-at="2023-05-25T19:30:26 IST" duration-ms="16" status="PASS">
          <reporter-output>
          </reporter-output>
        </test-method> <!-- tomainframe -->
        <test-method is-config="true" signature="ToMathForEveryone()[pri:0, instance:webmath.com.TS4_UnitsConversion@38c6f217]" started-at="2023-05-25T19:30:26 IST" name="ToMathForEveryone" finished-at="2023-05-25T19:30:27 IST" duration-ms="901" status="PASS">
          <reporter-output>
          </reporter-output>
        </test-method> <!-- ToMathForEveryone -->
        <test-method signature="TC019()[pri:19, instance:webmath.com.TS4_UnitsConversion@38c6f217]" started-at="2023-05-25T19:30:27 IST" name="TC019" finished-at="2023-05-25T19:30:28 IST" duration-ms="1306" status="PASS">
          <reporter-output>
          </reporter-output>
        </test-method> <!-- TC019 -->
        <test-method is-config="true" signature="tomainframe()[pri:0, instance:webmath.com.TS4_UnitsConversion@38c6f217]" started-at="2023-05-25T19:30:28 IST" name="tomainframe" finished-at="2023-05-25T19:30:28 IST" duration-ms="10" status="PASS">
          <reporter-output>
          </reporter-output>
        </test-method> <!-- tomainframe -->
        <test-method is-config="true" signature="ToMathForEveryone()[pri:0, instance:webmath.com.TS4_UnitsConversion@38c6f217]" started-at="2023-05-25T19:30:28 IST" name="ToMathForEveryone" finished-at="2023-05-25T19:30:29 IST" duration-ms="1156" status="PASS">
          <reporter-output>
          </reporter-output>
        </test-method> <!-- ToMathForEveryone -->
        <test-method signature="TC020()[pri:20, instance:webmath.com.TS4_UnitsConversion@38c6f217]" started-at="2023-05-25T19:30:29 IST" name="TC020" finished-at="2023-05-25T19:30:30 IST" duration-ms="1072" status="PASS">
          <reporter-output>
          </reporter-output>
        </test-method> <!-- TC020 -->
        <test-method is-config="true" signature="ToMathForEveryone()[pri:0, instance:webmath.com.TS4_UnitsConversion@38c6f217]" started-at="2023-05-25T19:30:30 IST" name="ToMathForEveryone" finished-at="2023-05-25T19:30:31 IST" duration-ms="920" status="PASS">
          <reporter-output>
          </reporter-output>
        </test-method> <!-- ToMathForEveryone -->
        <test-method is-config="true" signature="tomainframe()[pri:0, instance:webmath.com.TS4_UnitsConversion@38c6f217]" started-at="2023-05-25T19:30:30 IST" name="tomainframe" finished-at="2023-05-25T19:30:30 IST" duration-ms="0" status="PASS">
          <reporter-output>
          </reporter-output>
        </test-method> <!-- tomainframe -->
        <test-method signature="TC021()[pri:21, instance:webmath.com.TS4_UnitsConversion@38c6f217]" started-at="2023-05-25T19:30:31 IST" name="TC021" finished-at="2023-05-25T19:30:33 IST" duration-ms="2327" status="PASS">
          <reporter-output>
          </reporter-output>
        </test-method> <!-- TC021 -->
        <test-method is-config="true" signature="tomainframe()[pri:0, instance:webmath.com.TS4_UnitsConversion@38c6f217]" started-at="2023-05-25T19:30:33 IST" name="tomainframe" finished-at="2023-05-25T19:30:33 IST" duration-ms="0" status="PASS">
          <reporter-output>
          </reporter-output>
        </test-method> <!-- tomainframe -->
        <test-method is-config="true" signature="close()[pri:0, instance:webmath.com.TS4_UnitsConversion@38c6f217]" started-at="2023-05-25T19:30:33 IST" name="close" finished-at="2023-05-25T19:30:34 IST" duration-ms="235" status="PASS">
          <reporter-output>
          </reporter-output>
        </test-method> <!-- close -->
      </class> <!-- webmath.com.TS4_UnitsConversion -->
    </test> <!-- Test -->
  </suite> <!-- Test Suite -->
</testng-results>
