<?xml version="1.0" encoding="UTF-8"?>
<testng-results ignored="0" total="72" passed="72" failed="0" skipped="0">
  <reporter-output>
  </reporter-output>
  <suite started-at="2023-05-10T19:44:38 IST" name="Test Suite" finished-at="2023-05-10T19:49:20 IST" duration-ms="281930">
    <groups>
    </groups>
    <test started-at="2023-05-10T19:44:38 IST" name="Test" finished-at="2023-05-10T19:49:20 IST" duration-ms="281930">
      <class name="webmath.com.TS4">
        <test-method is-config="true" signature="launch()[pri:0, instance:webmath.com.TS4@59309333]" started-at="2023-05-10T19:46:16 IST" name="launch" finished-at="2023-05-10T19:46:24 IST" duration-ms="7485" status="PASS">
          <reporter-output>
          </reporter-output>
        </test-method> <!-- launch -->
        <test-method is-config="true" signature="ToMathForEveryone()[pri:0, instance:webmath.com.TS4@59309333]" started-at="2023-05-10T19:46:24 IST" name="ToMathForEveryone" finished-at="2023-05-10T19:46:26 IST" duration-ms="2681" status="PASS">
          <reporter-output>
          </reporter-output>
        </test-method> <!-- ToMathForEveryone -->
        <test-method signature="TC001()[pri:1, instance:webmath.com.TS4@59309333]" started-at="2023-05-10T19:46:26 IST" name="TC001" description="Verify that the driver is being redirected to Length converter page" finished-at="2023-05-10T19:46:28 IST" duration-ms="1580" status="PASS">
          <reporter-output>
          </reporter-output>
        </test-method> <!-- TC001 -->
        <test-method is-config="true" signature="tomainframe()[pri:0, instance:webmath.com.TS4@59309333]" started-at="2023-05-10T19:46:28 IST" name="tomainframe" finished-at="2023-05-10T19:46:28 IST" duration-ms="9" status="PASS">
          <reporter-output>
          </reporter-output>
        </test-method> <!-- tomainframe -->
        <test-method is-config="true" signature="ToMathForEveryone()[pri:0, instance:webmath.com.TS4@59309333]" started-at="2023-05-10T19:46:28 IST" name="ToMathForEveryone" finished-at="2023-05-10T19:46:29 IST" duration-ms="1145" status="PASS">
          <reporter-output>
          </reporter-output>
        </test-method> <!-- ToMathForEveryone -->
        <test-method signature="TC002()[pri:2, instance:webmath.com.TS4@59309333]" started-at="2023-05-10T19:46:29 IST" name="TC002" finished-at="2023-05-10T19:46:31 IST" duration-ms="1302" status="PASS">
          <reporter-output>
          </reporter-output>
        </test-method> <!-- TC002 -->
        <test-method is-config="true" signature="tomainframe()[pri:0, instance:webmath.com.TS4@59309333]" started-at="2023-05-10T19:46:31 IST" name="tomainframe" finished-at="2023-05-10T19:46:31 IST" duration-ms="8" status="PASS">
          <reporter-output>
          </reporter-output>
        </test-method> <!-- tomainframe -->
        <test-method is-config="true" signature="ToMathForEveryone()[pri:0, instance:webmath.com.TS4@59309333]" started-at="2023-05-10T19:46:31 IST" name="ToMathForEveryone" finished-at="2023-05-10T19:46:32 IST" duration-ms="1422" status="PASS">
          <reporter-output>
          </reporter-output>
        </test-method> <!-- ToMathForEveryone -->
        <test-method signature="TC003()[pri:3, instance:webmath.com.TS4@59309333]" started-at="2023-05-10T19:46:32 IST" name="TC003" finished-at="2023-05-10T19:46:36 IST" duration-ms="4088" status="PASS">
          <reporter-output>
          </reporter-output>
        </test-method> <!-- TC003 -->
        <test-method is-config="true" signature="tomainframe()[pri:0, instance:webmath.com.TS4@59309333]" started-at="2023-05-10T19:46:36 IST" name="tomainframe" finished-at="2023-05-10T19:46:36 IST" duration-ms="7" status="PASS">
          <reporter-output>
          </reporter-output>
        </test-method> <!-- tomainframe -->
        <test-method is-config="true" signature="ToMathForEveryone()[pri:0, instance:webmath.com.TS4@59309333]" started-at="2023-05-10T19:46:36 IST" name="ToMathForEveryone" finished-at="2023-05-10T19:46:37 IST" duration-ms="1138" status="PASS">
          <reporter-output>
          </reporter-output>
        </test-method> <!-- ToMathForEveryone -->
        <test-method signature="TC004()[pri:4, instance:webmath.com.TS4@59309333]" started-at="2023-05-10T19:46:37 IST" name="TC004" finished-at="2023-05-10T19:46:38 IST" duration-ms="1230" status="PASS">
          <reporter-output>
          </reporter-output>
        </test-method> <!-- TC004 -->
        <test-method is-config="true" signature="tomainframe()[pri:0, instance:webmath.com.TS4@59309333]" started-at="2023-05-10T19:46:38 IST" name="tomainframe" finished-at="2023-05-10T19:46:38 IST" duration-ms="7" status="PASS">
          <reporter-output>
          </reporter-output>
        </test-method> <!-- tomainframe -->
        <test-method is-config="true" signature="ToMathForEveryone()[pri:0, instance:webmath.com.TS4@59309333]" started-at="2023-05-10T19:46:38 IST" name="ToMathForEveryone" finished-at="2023-05-10T19:46:40 IST" duration-ms="1370" status="PASS">
          <reporter-output>
          </reporter-output>
        </test-method> <!-- ToMathForEveryone -->
        <test-method signature="TC005()[pri:5, instance:webmath.com.TS4@59309333]" started-at="2023-05-10T19:46:40 IST" name="TC005" finished-at="2023-05-10T19:46:41 IST" duration-ms="1328" status="PASS">
          <reporter-output>
          </reporter-output>
        </test-method> <!-- TC005 -->
        <test-method is-config="true" signature="tomainframe()[pri:0, instance:webmath.com.TS4@59309333]" started-at="2023-05-10T19:46:41 IST" name="tomainframe" finished-at="2023-05-10T19:46:41 IST" duration-ms="8" status="PASS">
          <reporter-output>
          </reporter-output>
        </test-method> <!-- tomainframe -->
        <test-method is-config="true" signature="ToMathForEveryone()[pri:0, instance:webmath.com.TS4@59309333]" started-at="2023-05-10T19:46:41 IST" name="ToMathForEveryone" finished-at="2023-05-10T19:46:47 IST" duration-ms="6182" status="PASS">
          <reporter-output>
          </reporter-output>
        </test-method> <!-- ToMathForEveryone -->
        <test-method signature="TC006()[pri:6, instance:webmath.com.TS4@59309333]" started-at="2023-05-10T19:46:47 IST" name="TC006" finished-at="2023-05-10T19:46:53 IST" duration-ms="5923" status="PASS">
          <reporter-output>
          </reporter-output>
        </test-method> <!-- TC006 -->
        <test-method is-config="true" signature="tomainframe()[pri:0, instance:webmath.com.TS4@59309333]" started-at="2023-05-10T19:46:53 IST" name="tomainframe" finished-at="2023-05-10T19:46:53 IST" duration-ms="8" status="PASS">
          <reporter-output>
          </reporter-output>
        </test-method> <!-- tomainframe -->
        <test-method is-config="true" signature="ToMathForEveryone()[pri:0, instance:webmath.com.TS4@59309333]" started-at="2023-05-10T19:46:53 IST" name="ToMathForEveryone" finished-at="2023-05-10T19:46:55 IST" duration-ms="1854" status="PASS">
          <reporter-output>
          </reporter-output>
        </test-method> <!-- ToMathForEveryone -->
        <test-method signature="TC007()[pri:7, instance:webmath.com.TS4@59309333]" started-at="2023-05-10T19:46:55 IST" name="TC007" finished-at="2023-05-10T19:46:57 IST" duration-ms="1450" status="PASS">
          <reporter-output>
          </reporter-output>
        </test-method> <!-- TC007 -->
        <test-method is-config="true" signature="tomainframe()[pri:0, instance:webmath.com.TS4@59309333]" started-at="2023-05-10T19:46:57 IST" name="tomainframe" finished-at="2023-05-10T19:46:57 IST" duration-ms="11" status="PASS">
          <reporter-output>
          </reporter-output>
        </test-method> <!-- tomainframe -->
        <test-method is-config="true" signature="ToMathForEveryone()[pri:0, instance:webmath.com.TS4@59309333]" started-at="2023-05-10T19:46:57 IST" name="ToMathForEveryone" finished-at="2023-05-10T19:46:57 IST" duration-ms="905" status="PASS">
          <reporter-output>
          </reporter-output>
        </test-method> <!-- ToMathForEveryone -->
        <test-method signature="TC008()[pri:8, instance:webmath.com.TS4@59309333]" started-at="2023-05-10T19:46:57 IST" name="TC008" finished-at="2023-05-10T19:46:59 IST" duration-ms="1383" status="PASS">
          <reporter-output>
          </reporter-output>
        </test-method> <!-- TC008 -->
        <test-method is-config="true" signature="tomainframe()[pri:0, instance:webmath.com.TS4@59309333]" started-at="2023-05-10T19:46:59 IST" name="tomainframe" finished-at="2023-05-10T19:46:59 IST" duration-ms="8" status="PASS">
          <reporter-output>
          </reporter-output>
        </test-method> <!-- tomainframe -->
        <test-method is-config="true" signature="ToMathForEveryone()[pri:0, instance:webmath.com.TS4@59309333]" started-at="2023-05-10T19:46:59 IST" name="ToMathForEveryone" finished-at="2023-05-10T19:47:01 IST" duration-ms="1634" status="PASS">
          <reporter-output>
          </reporter-output>
        </test-method> <!-- ToMathForEveryone -->
        <test-method signature="TC009()[pri:9, instance:webmath.com.TS4@59309333]" started-at="2023-05-10T19:47:01 IST" name="TC009" finished-at="2023-05-10T19:47:04 IST" duration-ms="3791" status="PASS">
          <reporter-output>
          </reporter-output>
        </test-method> <!-- TC009 -->
        <test-method is-config="true" signature="tomainframe()[pri:0, instance:webmath.com.TS4@59309333]" started-at="2023-05-10T19:47:04 IST" name="tomainframe" finished-at="2023-05-10T19:47:04 IST" duration-ms="13" status="PASS">
          <reporter-output>
          </reporter-output>
        </test-method> <!-- tomainframe -->
        <test-method is-config="true" signature="ToMathForEveryone()[pri:0, instance:webmath.com.TS4@59309333]" started-at="2023-05-10T19:47:04 IST" name="ToMathForEveryone" finished-at="2023-05-10T19:47:06 IST" duration-ms="1436" status="PASS">
          <reporter-output>
          </reporter-output>
        </test-method> <!-- ToMathForEveryone -->
        <test-method signature="TC010()[pri:10, instance:webmath.com.TS4@59309333]" started-at="2023-05-10T19:47:06 IST" name="TC010" finished-at="2023-05-10T19:47:07 IST" duration-ms="1561" status="PASS">
          <reporter-output>
          </reporter-output>
        </test-method> <!-- TC010 -->
        <test-method is-config="true" signature="tomainframe()[pri:0, instance:webmath.com.TS4@59309333]" started-at="2023-05-10T19:47:07 IST" name="tomainframe" finished-at="2023-05-10T19:47:07 IST" duration-ms="8" status="PASS">
          <reporter-output>
          </reporter-output>
        </test-method> <!-- tomainframe -->
        <test-method is-config="true" signature="ToMathForEveryone()[pri:0, instance:webmath.com.TS4@59309333]" started-at="2023-05-10T19:47:07 IST" name="ToMathForEveryone" finished-at="2023-05-10T19:47:09 IST" duration-ms="1304" status="PASS">
          <reporter-output>
          </reporter-output>
        </test-method> <!-- ToMathForEveryone -->
        <test-method signature="TC011()[pri:11, instance:webmath.com.TS4@59309333]" started-at="2023-05-10T19:47:09 IST" name="TC011" finished-at="2023-05-10T19:47:10 IST" duration-ms="1413" status="PASS">
          <reporter-output>
          </reporter-output>
        </test-method> <!-- TC011 -->
        <test-method is-config="true" signature="tomainframe()[pri:0, instance:webmath.com.TS4@59309333]" started-at="2023-05-10T19:47:10 IST" name="tomainframe" finished-at="2023-05-10T19:47:10 IST" duration-ms="12" status="PASS">
          <reporter-output>
          </reporter-output>
        </test-method> <!-- tomainframe -->
        <test-method is-config="true" signature="ToMathForEveryone()[pri:0, instance:webmath.com.TS4@59309333]" started-at="2023-05-10T19:47:10 IST" name="ToMathForEveryone" finished-at="2023-05-10T19:47:11 IST" duration-ms="1410" status="PASS">
          <reporter-output>
          </reporter-output>
        </test-method> <!-- ToMathForEveryone -->
        <test-method signature="TC012()[pri:12, instance:webmath.com.TS4@59309333]" started-at="2023-05-10T19:47:11 IST" name="TC012" finished-at="2023-05-10T19:47:16 IST" duration-ms="4516" status="PASS">
          <reporter-output>
          </reporter-output>
        </test-method> <!-- TC012 -->
        <test-method is-config="true" signature="tomainframe()[pri:0, instance:webmath.com.TS4@59309333]" started-at="2023-05-10T19:47:16 IST" name="tomainframe" finished-at="2023-05-10T19:47:16 IST" duration-ms="11" status="PASS">
          <reporter-output>
          </reporter-output>
        </test-method> <!-- tomainframe -->
        <test-method is-config="true" signature="ToMathForEveryone()[pri:0, instance:webmath.com.TS4@59309333]" started-at="2023-05-10T19:47:16 IST" name="ToMathForEveryone" finished-at="2023-05-10T19:47:17 IST" duration-ms="1458" status="PASS">
          <reporter-output>
          </reporter-output>
        </test-method> <!-- ToMathForEveryone -->
        <test-method signature="TC013()[pri:13, instance:webmath.com.TS4@59309333]" started-at="2023-05-10T19:47:17 IST" name="TC013" finished-at="2023-05-10T19:47:19 IST" duration-ms="1345" status="PASS">
          <reporter-output>
          </reporter-output>
        </test-method> <!-- TC013 -->
        <test-method is-config="true" signature="tomainframe()[pri:0, instance:webmath.com.TS4@59309333]" started-at="2023-05-10T19:47:19 IST" name="tomainframe" finished-at="2023-05-10T19:47:19 IST" duration-ms="16" status="PASS">
          <reporter-output>
          </reporter-output>
        </test-method> <!-- tomainframe -->
        <test-method is-config="true" signature="ToMathForEveryone()[pri:0, instance:webmath.com.TS4@59309333]" started-at="2023-05-10T19:47:19 IST" name="ToMathForEveryone" finished-at="2023-05-10T19:47:20 IST" duration-ms="1247" status="PASS">
          <reporter-output>
          </reporter-output>
        </test-method> <!-- ToMathForEveryone -->
        <test-method signature="TC014()[pri:14, instance:webmath.com.TS4@59309333]" started-at="2023-05-10T19:47:20 IST" name="TC014" finished-at="2023-05-10T19:47:21 IST" duration-ms="1444" status="PASS">
          <reporter-output>
          </reporter-output>
        </test-method> <!-- TC014 -->
        <test-method is-config="true" signature="tomainframe()[pri:0, instance:webmath.com.TS4@59309333]" started-at="2023-05-10T19:47:21 IST" name="tomainframe" finished-at="2023-05-10T19:47:22 IST" duration-ms="7" status="PASS">
          <reporter-output>
          </reporter-output>
        </test-method> <!-- tomainframe -->
        <test-method is-config="true" signature="ToMathForEveryone()[pri:0, instance:webmath.com.TS4@59309333]" started-at="2023-05-10T19:47:22 IST" name="ToMathForEveryone" finished-at="2023-05-10T19:47:25 IST" duration-ms="3534" status="PASS">
          <reporter-output>
          </reporter-output>
        </test-method> <!-- ToMathForEveryone -->
        <test-method signature="TC015()[pri:15, instance:webmath.com.TS4@59309333]" started-at="2023-05-10T19:47:25 IST" name="TC015" finished-at="2023-05-10T19:47:29 IST" duration-ms="3605" status="PASS">
          <reporter-output>
          </reporter-output>
        </test-method> <!-- TC015 -->
        <test-method is-config="true" signature="tomainframe()[pri:0, instance:webmath.com.TS4@59309333]" started-at="2023-05-10T19:47:29 IST" name="tomainframe" finished-at="2023-05-10T19:47:29 IST" duration-ms="8" status="PASS">
          <reporter-output>
          </reporter-output>
        </test-method> <!-- tomainframe -->
        <test-method is-config="true" signature="ToMathForEveryone()[pri:0, instance:webmath.com.TS4@59309333]" started-at="2023-05-10T19:47:29 IST" name="ToMathForEveryone" finished-at="2023-05-10T19:47:30 IST" duration-ms="1425" status="PASS">
          <reporter-output>
          </reporter-output>
        </test-method> <!-- ToMathForEveryone -->
        <test-method signature="TC016()[pri:16, instance:webmath.com.TS4@59309333]" started-at="2023-05-10T19:47:30 IST" name="TC016" finished-at="2023-05-10T19:47:32 IST" duration-ms="2357" status="PASS">
          <reporter-output>
          </reporter-output>
        </test-method> <!-- TC016 -->
        <test-method is-config="true" signature="tomainframe()[pri:0, instance:webmath.com.TS4@59309333]" started-at="2023-05-10T19:47:32 IST" name="tomainframe" finished-at="2023-05-10T19:47:32 IST" duration-ms="6" status="PASS">
          <reporter-output>
          </reporter-output>
        </test-method> <!-- tomainframe -->
        <test-method is-config="true" signature="ToMathForEveryone()[pri:0, instance:webmath.com.TS4@59309333]" started-at="2023-05-10T19:47:32 IST" name="ToMathForEveryone" finished-at="2023-05-10T19:47:35 IST" duration-ms="2066" status="PASS">
          <reporter-output>
          </reporter-output>
        </test-method> <!-- ToMathForEveryone -->
        <test-method signature="TC017()[pri:17, instance:webmath.com.TS4@59309333]" started-at="2023-05-10T19:47:35 IST" name="TC017" finished-at="2023-05-10T19:47:36 IST" duration-ms="1861" status="PASS">
          <reporter-output>
          </reporter-output>
        </test-method> <!-- TC017 -->
        <test-method is-config="true" signature="tomainframe()[pri:0, instance:webmath.com.TS4@59309333]" started-at="2023-05-10T19:47:36 IST" name="tomainframe" finished-at="2023-05-10T19:47:36 IST" duration-ms="0" status="PASS">
          <reporter-output>
          </reporter-output>
        </test-method> <!-- tomainframe -->
        <test-method is-config="true" signature="ToMathForEveryone()[pri:0, instance:webmath.com.TS4@59309333]" started-at="2023-05-10T19:47:36 IST" name="ToMathForEveryone" finished-at="2023-05-10T19:47:39 IST" duration-ms="2260" status="PASS">
          <reporter-output>
          </reporter-output>
        </test-method> <!-- ToMathForEveryone -->
        <test-method signature="TC018()[pri:18, instance:webmath.com.TS4@59309333]" started-at="2023-05-10T19:47:39 IST" name="TC018" finished-at="2023-05-10T19:47:42 IST" duration-ms="3107" status="PASS">
          <reporter-output>
          </reporter-output>
        </test-method> <!-- TC018 -->
        <test-method is-config="true" signature="tomainframe()[pri:0, instance:webmath.com.TS4@59309333]" started-at="2023-05-10T19:47:42 IST" name="tomainframe" finished-at="2023-05-10T19:47:42 IST" duration-ms="6" status="PASS">
          <reporter-output>
          </reporter-output>
        </test-method> <!-- tomainframe -->
        <test-method is-config="true" signature="ToMathForEveryone()[pri:0, instance:webmath.com.TS4@59309333]" started-at="2023-05-10T19:47:42 IST" name="ToMathForEveryone" finished-at="2023-05-10T19:47:43 IST" duration-ms="1248" status="PASS">
          <reporter-output>
          </reporter-output>
        </test-method> <!-- ToMathForEveryone -->
        <test-method signature="TC019()[pri:19, instance:webmath.com.TS4@59309333]" started-at="2023-05-10T19:47:43 IST" name="TC019" finished-at="2023-05-10T19:47:44 IST" duration-ms="1309" status="PASS">
          <reporter-output>
          </reporter-output>
        </test-method> <!-- TC019 -->
        <test-method is-config="true" signature="tomainframe()[pri:0, instance:webmath.com.TS4@59309333]" started-at="2023-05-10T19:47:44 IST" name="tomainframe" finished-at="2023-05-10T19:47:44 IST" duration-ms="9" status="PASS">
          <reporter-output>
          </reporter-output>
        </test-method> <!-- tomainframe -->
        <test-method is-config="true" signature="ToMathForEveryone()[pri:0, instance:webmath.com.TS4@59309333]" started-at="2023-05-10T19:47:44 IST" name="ToMathForEveryone" finished-at="2023-05-10T19:47:46 IST" duration-ms="1504" status="PASS">
          <reporter-output>
          </reporter-output>
        </test-method> <!-- ToMathForEveryone -->
        <test-method signature="TC020()[pri:20, instance:webmath.com.TS4@59309333]" started-at="2023-05-10T19:47:46 IST" name="TC020" finished-at="2023-05-10T19:47:47 IST" duration-ms="1336" status="PASS">
          <reporter-output>
          </reporter-output>
        </test-method> <!-- TC020 -->
        <test-method is-config="true" signature="ToMathForEveryone()[pri:0, instance:webmath.com.TS4@59309333]" started-at="2023-05-10T19:47:47 IST" name="ToMathForEveryone" finished-at="2023-05-10T19:47:49 IST" duration-ms="2000" status="PASS">
          <reporter-output>
          </reporter-output>
        </test-method> <!-- ToMathForEveryone -->
        <test-method is-config="true" signature="tomainframe()[pri:0, instance:webmath.com.TS4@59309333]" started-at="2023-05-10T19:47:47 IST" name="tomainframe" finished-at="2023-05-10T19:47:47 IST" duration-ms="0" status="PASS">
          <reporter-output>
          </reporter-output>
        </test-method> <!-- tomainframe -->
        <test-method signature="TC021()[pri:21, instance:webmath.com.TS4@59309333]" started-at="2023-05-10T19:47:49 IST" name="TC021" finished-at="2023-05-10T19:47:52 IST" duration-ms="2694" status="PASS">
          <reporter-output>
          </reporter-output>
        </test-method> <!-- TC021 -->
        <test-method is-config="true" signature="tomainframe()[pri:0, instance:webmath.com.TS4@59309333]" started-at="2023-05-10T19:47:52 IST" name="tomainframe" finished-at="2023-05-10T19:47:52 IST" duration-ms="4" status="PASS">
          <reporter-output>
          </reporter-output>
        </test-method> <!-- tomainframe -->
        <test-method is-config="true" signature="close()[pri:0, instance:webmath.com.TS4@59309333]" started-at="2023-05-10T19:47:52 IST" name="close" finished-at="2023-05-10T19:47:52 IST" duration-ms="247" status="PASS">
          <reporter-output>
          </reporter-output>
        </test-method> <!-- close -->
      </class> <!-- webmath.com.TS4 -->
      <class name="webmath.com.TS5">
        <test-method is-config="true" signature="launch()[pri:0, instance:webmath.com.TS5@5b239d7d]" started-at="2023-05-10T19:47:52 IST" name="launch" finished-at="2023-05-10T19:47:57 IST" duration-ms="5233" status="PASS">
          <reporter-output>
          </reporter-output>
        </test-method> <!-- launch -->
        <test-method is-config="true" signature="tomathforeveryone()[pri:0, instance:webmath.com.TS5@5b239d7d]" started-at="2023-05-10T19:47:57 IST" name="tomathforeveryone" finished-at="2023-05-10T19:48:00 IST" duration-ms="2851" status="PASS">
          <reporter-output>
          </reporter-output>
        </test-method> <!-- tomathforeveryone -->
        <test-method signature="TC001()[pri:1, instance:webmath.com.TS5@5b239d7d]" started-at="2023-05-10T19:48:00 IST" name="TC001" finished-at="2023-05-10T19:48:02 IST" duration-ms="1694" status="PASS">
          <reporter-output>
          </reporter-output>
        </test-method> <!-- TC001 -->
        <test-method is-config="true" signature="todefaultframe()[pri:0, instance:webmath.com.TS5@5b239d7d]" started-at="2023-05-10T19:48:02 IST" name="todefaultframe" finished-at="2023-05-10T19:48:02 IST" duration-ms="0" status="PASS">
          <reporter-output>
          </reporter-output>
        </test-method> <!-- todefaultframe -->
        <test-method is-config="true" signature="tomathforeveryone()[pri:0, instance:webmath.com.TS5@5b239d7d]" started-at="2023-05-10T19:48:02 IST" name="tomathforeveryone" finished-at="2023-05-10T19:48:04 IST" duration-ms="1984" status="PASS">
          <reporter-output>
          </reporter-output>
        </test-method> <!-- tomathforeveryone -->
        <test-method signature="TC002()[pri:2, instance:webmath.com.TS5@5b239d7d]" started-at="2023-05-10T19:48:04 IST" name="TC002" finished-at="2023-05-10T19:48:06 IST" duration-ms="1847" status="PASS">
          <reporter-output>
          </reporter-output>
        </test-method> <!-- TC002 -->
        <test-method is-config="true" signature="todefaultframe()[pri:0, instance:webmath.com.TS5@5b239d7d]" started-at="2023-05-10T19:48:06 IST" name="todefaultframe" finished-at="2023-05-10T19:48:06 IST" duration-ms="4" status="PASS">
          <reporter-output>
          </reporter-output>
        </test-method> <!-- todefaultframe -->
        <test-method is-config="true" signature="tomathforeveryone()[pri:0, instance:webmath.com.TS5@5b239d7d]" started-at="2023-05-10T19:48:06 IST" name="tomathforeveryone" finished-at="2023-05-10T19:48:08 IST" duration-ms="2084" status="PASS">
          <reporter-output>
          </reporter-output>
        </test-method> <!-- tomathforeveryone -->
        <test-method signature="TC003()[pri:3, instance:webmath.com.TS5@5b239d7d]" started-at="2023-05-10T19:48:08 IST" name="TC003" finished-at="2023-05-10T19:48:12 IST" duration-ms="4381" status="PASS">
          <reporter-output>
          </reporter-output>
        </test-method> <!-- TC003 -->
        <test-method is-config="true" signature="todefaultframe()[pri:0, instance:webmath.com.TS5@5b239d7d]" started-at="2023-05-10T19:48:12 IST" name="todefaultframe" finished-at="2023-05-10T19:48:12 IST" duration-ms="18" status="PASS">
          <reporter-output>
          </reporter-output>
        </test-method> <!-- todefaultframe -->
        <test-method is-config="true" signature="tomathforeveryone()[pri:0, instance:webmath.com.TS5@5b239d7d]" started-at="2023-05-10T19:48:12 IST" name="tomathforeveryone" finished-at="2023-05-10T19:48:14 IST" duration-ms="1621" status="PASS">
          <reporter-output>
          </reporter-output>
        </test-method> <!-- tomathforeveryone -->
        <test-method signature="TC004()[pri:4, instance:webmath.com.TS5@5b239d7d]" started-at="2023-05-10T19:48:14 IST" name="TC004" finished-at="2023-05-10T19:48:15 IST" duration-ms="1209" status="PASS">
          <reporter-output>
          </reporter-output>
        </test-method> <!-- TC004 -->
        <test-method is-config="true" signature="todefaultframe()[pri:0, instance:webmath.com.TS5@5b239d7d]" started-at="2023-05-10T19:48:15 IST" name="todefaultframe" finished-at="2023-05-10T19:48:15 IST" duration-ms="4" status="PASS">
          <reporter-output>
          </reporter-output>
        </test-method> <!-- todefaultframe -->
        <test-method is-config="true" signature="tomathforeveryone()[pri:0, instance:webmath.com.TS5@5b239d7d]" started-at="2023-05-10T19:48:15 IST" name="tomathforeveryone" finished-at="2023-05-10T19:48:16 IST" duration-ms="1324" status="PASS">
          <reporter-output>
          </reporter-output>
        </test-method> <!-- tomathforeveryone -->
        <test-method signature="TC005()[pri:5, instance:webmath.com.TS5@5b239d7d]" started-at="2023-05-10T19:48:16 IST" name="TC005" finished-at="2023-05-10T19:48:18 IST" duration-ms="1418" status="PASS">
          <reporter-output>
          </reporter-output>
        </test-method> <!-- TC005 -->
        <test-method is-config="true" signature="todefaultframe()[pri:0, instance:webmath.com.TS5@5b239d7d]" started-at="2023-05-10T19:48:18 IST" name="todefaultframe" finished-at="2023-05-10T19:48:18 IST" duration-ms="7" status="PASS">
          <reporter-output>
          </reporter-output>
        </test-method> <!-- todefaultframe -->
        <test-method is-config="true" signature="tomathforeveryone()[pri:0, instance:webmath.com.TS5@5b239d7d]" started-at="2023-05-10T19:48:18 IST" name="tomathforeveryone" finished-at="2023-05-10T19:48:20 IST" duration-ms="1967" status="PASS">
          <reporter-output>
          </reporter-output>
        </test-method> <!-- tomathforeveryone -->
        <test-method signature="TC006()[pri:6, instance:webmath.com.TS5@5b239d7d]" started-at="2023-05-10T19:48:20 IST" name="TC006" finished-at="2023-05-10T19:48:23 IST" duration-ms="3007" status="PASS">
          <reporter-output>
          </reporter-output>
        </test-method> <!-- TC006 -->
        <test-method is-config="true" signature="todefaultframe()[pri:0, instance:webmath.com.TS5@5b239d7d]" started-at="2023-05-10T19:48:23 IST" name="todefaultframe" finished-at="2023-05-10T19:48:23 IST" duration-ms="7" status="PASS">
          <reporter-output>
          </reporter-output>
        </test-method> <!-- todefaultframe -->
        <test-method is-config="true" signature="tomathforeveryone()[pri:0, instance:webmath.com.TS5@5b239d7d]" started-at="2023-05-10T19:48:23 IST" name="tomathforeveryone" finished-at="2023-05-10T19:48:24 IST" duration-ms="1414" status="PASS">
          <reporter-output>
          </reporter-output>
        </test-method> <!-- tomathforeveryone -->
        <test-method signature="TC007()[pri:7, instance:webmath.com.TS5@5b239d7d]" started-at="2023-05-10T19:48:24 IST" name="TC007" finished-at="2023-05-10T19:48:25 IST" duration-ms="1249" status="PASS">
          <reporter-output>
          </reporter-output>
        </test-method> <!-- TC007 -->
        <test-method is-config="true" signature="todefaultframe()[pri:0, instance:webmath.com.TS5@5b239d7d]" started-at="2023-05-10T19:48:25 IST" name="todefaultframe" finished-at="2023-05-10T19:48:25 IST" duration-ms="8" status="PASS">
          <reporter-output>
          </reporter-output>
        </test-method> <!-- todefaultframe -->
        <test-method is-config="true" signature="tomathforeveryone()[pri:0, instance:webmath.com.TS5@5b239d7d]" started-at="2023-05-10T19:48:25 IST" name="tomathforeveryone" finished-at="2023-05-10T19:48:27 IST" duration-ms="1318" status="PASS">
          <reporter-output>
          </reporter-output>
        </test-method> <!-- tomathforeveryone -->
        <test-method signature="TC008()[pri:8, instance:webmath.com.TS5@5b239d7d]" started-at="2023-05-10T19:48:27 IST" name="TC008" finished-at="2023-05-10T19:48:29 IST" duration-ms="1773" status="PASS">
          <reporter-output>
          </reporter-output>
        </test-method> <!-- TC008 -->
        <test-method is-config="true" signature="tomathforeveryone()[pri:0, instance:webmath.com.TS5@5b239d7d]" started-at="2023-05-10T19:48:29 IST" name="tomathforeveryone" finished-at="2023-05-10T19:48:30 IST" duration-ms="1753" status="PASS">
          <reporter-output>
          </reporter-output>
        </test-method> <!-- tomathforeveryone -->
        <test-method is-config="true" signature="todefaultframe()[pri:0, instance:webmath.com.TS5@5b239d7d]" started-at="2023-05-10T19:48:29 IST" name="todefaultframe" finished-at="2023-05-10T19:48:29 IST" duration-ms="0" status="PASS">
          <reporter-output>
          </reporter-output>
        </test-method> <!-- todefaultframe -->
        <test-method signature="TC009()[pri:9, instance:webmath.com.TS5@5b239d7d]" started-at="2023-05-10T19:48:30 IST" name="TC009" finished-at="2023-05-10T19:48:33 IST" duration-ms="3191" status="PASS">
          <reporter-output>
          </reporter-output>
        </test-method> <!-- TC009 -->
        <test-method is-config="true" signature="todefaultframe()[pri:0, instance:webmath.com.TS5@5b239d7d]" started-at="2023-05-10T19:48:33 IST" name="todefaultframe" finished-at="2023-05-10T19:48:34 IST" duration-ms="7" status="PASS">
          <reporter-output>
          </reporter-output>
        </test-method> <!-- todefaultframe -->
        <test-method is-config="true" signature="tomathforeveryone()[pri:0, instance:webmath.com.TS5@5b239d7d]" started-at="2023-05-10T19:48:34 IST" name="tomathforeveryone" finished-at="2023-05-10T19:48:35 IST" duration-ms="1236" status="PASS">
          <reporter-output>
          </reporter-output>
        </test-method> <!-- tomathforeveryone -->
        <test-method signature="TC010()[pri:10, instance:webmath.com.TS5@5b239d7d]" started-at="2023-05-10T19:48:35 IST" name="TC010" finished-at="2023-05-10T19:48:36 IST" duration-ms="1411" status="PASS">
          <reporter-output>
          </reporter-output>
        </test-method> <!-- TC010 -->
        <test-method is-config="true" signature="todefaultframe()[pri:0, instance:webmath.com.TS5@5b239d7d]" started-at="2023-05-10T19:48:36 IST" name="todefaultframe" finished-at="2023-05-10T19:48:36 IST" duration-ms="4" status="PASS">
          <reporter-output>
          </reporter-output>
        </test-method> <!-- todefaultframe -->
        <test-method is-config="true" signature="tomathforeveryone()[pri:0, instance:webmath.com.TS5@5b239d7d]" started-at="2023-05-10T19:48:36 IST" name="tomathforeveryone" finished-at="2023-05-10T19:48:38 IST" duration-ms="1648" status="PASS">
          <reporter-output>
          </reporter-output>
        </test-method> <!-- tomathforeveryone -->
        <test-method signature="TC011()[pri:11, instance:webmath.com.TS5@5b239d7d]" started-at="2023-05-10T19:48:38 IST" name="TC011" finished-at="2023-05-10T19:48:40 IST" duration-ms="2298" status="PASS">
          <reporter-output>
          </reporter-output>
        </test-method> <!-- TC011 -->
        <test-method is-config="true" signature="todefaultframe()[pri:0, instance:webmath.com.TS5@5b239d7d]" started-at="2023-05-10T19:48:40 IST" name="todefaultframe" finished-at="2023-05-10T19:48:40 IST" duration-ms="14" status="PASS">
          <reporter-output>
          </reporter-output>
        </test-method> <!-- todefaultframe -->
        <test-method is-config="true" signature="tomathforeveryone()[pri:0, instance:webmath.com.TS5@5b239d7d]" started-at="2023-05-10T19:48:40 IST" name="tomathforeveryone" finished-at="2023-05-10T19:48:41 IST" duration-ms="1266" status="PASS">
          <reporter-output>
          </reporter-output>
        </test-method> <!-- tomathforeveryone -->
        <test-method signature="TC012()[pri:12, instance:webmath.com.TS5@5b239d7d]" started-at="2023-05-10T19:48:41 IST" name="TC012" finished-at="2023-05-10T19:48:45 IST" duration-ms="3144" status="PASS">
          <reporter-output>
          </reporter-output>
        </test-method> <!-- TC012 -->
        <test-method is-config="true" signature="todefaultframe()[pri:0, instance:webmath.com.TS5@5b239d7d]" started-at="2023-05-10T19:48:45 IST" name="todefaultframe" finished-at="2023-05-10T19:48:45 IST" duration-ms="7" status="PASS">
          <reporter-output>
          </reporter-output>
        </test-method> <!-- todefaultframe -->
        <test-method is-config="true" signature="close()[pri:0, instance:webmath.com.TS5@5b239d7d]" started-at="2023-05-10T19:48:45 IST" name="close" finished-at="2023-05-10T19:48:45 IST" duration-ms="212" status="PASS">
          <reporter-output>
          </reporter-output>
        </test-method> <!-- close -->
      </class> <!-- webmath.com.TS5 -->
      <class name="webmath.com.TS2">
        <test-method is-config="true" signature="launch()[pri:0, instance:webmath.com.TS2@12468a38]" started-at="2023-05-10T19:45:05 IST" name="launch" finished-at="2023-05-10T19:45:14 IST" duration-ms="9014" status="PASS">
          <reporter-output>
          </reporter-output>
        </test-method> <!-- launch -->
        <test-method signature="TC001()[pri:1, instance:webmath.com.TS2@12468a38]" started-at="2023-05-10T19:45:14 IST" name="TC001" finished-at="2023-05-10T19:45:14 IST" duration-ms="7" status="PASS">
          <reporter-output>
          </reporter-output>
        </test-method> <!-- TC001 -->
        <test-method signature="TC002()[pri:2, instance:webmath.com.TS2@12468a38]" started-at="2023-05-10T19:45:14 IST" name="TC002" finished-at="2023-05-10T19:45:14 IST" duration-ms="16" status="PASS">
          <reporter-output>
          </reporter-output>
        </test-method> <!-- TC002 -->
        <test-method signature="TC003()[pri:3, instance:webmath.com.TS2@12468a38]" started-at="2023-05-10T19:45:14 IST" name="TC003" finished-at="2023-05-10T19:45:14 IST" duration-ms="137" status="PASS">
          <reporter-output>
          </reporter-output>
        </test-method> <!-- TC003 -->
        <test-method signature="TC004()[pri:4, instance:webmath.com.TS2@12468a38]" started-at="2023-05-10T19:45:14 IST" name="TC004" finished-at="2023-05-10T19:45:15 IST" duration-ms="161" status="PASS">
          <reporter-output>
          </reporter-output>
        </test-method> <!-- TC004 -->
        <test-method signature="TC005()[pri:5, instance:webmath.com.TS2@12468a38]" started-at="2023-05-10T19:45:15 IST" name="TC005" finished-at="2023-05-10T19:45:15 IST" duration-ms="95" status="PASS">
          <reporter-output>
          </reporter-output>
        </test-method> <!-- TC005 -->
        <test-method signature="TC006()[pri:6, instance:webmath.com.TS2@12468a38]" started-at="2023-05-10T19:45:15 IST" name="TC006" finished-at="2023-05-10T19:45:15 IST" duration-ms="28" status="PASS">
          <reporter-output>
          </reporter-output>
        </test-method> <!-- TC006 -->
        <test-method signature="TC007()[pri:7, instance:webmath.com.TS2@12468a38]" started-at="2023-05-10T19:45:15 IST" name="TC007" finished-at="2023-05-10T19:45:15 IST" duration-ms="30" status="PASS">
          <reporter-output>
          </reporter-output>
        </test-method> <!-- TC007 -->
        <test-method signature="TC008()[pri:8, instance:webmath.com.TS2@12468a38]" started-at="2023-05-10T19:45:15 IST" name="TC008" finished-at="2023-05-10T19:45:17 IST" duration-ms="1772" status="PASS">
          <reporter-output>
          </reporter-output>
        </test-method> <!-- TC008 -->
        <test-method is-config="true" signature="close()[pri:0, instance:webmath.com.TS2@12468a38]" started-at="2023-05-10T19:45:17 IST" name="close" finished-at="2023-05-10T19:45:17 IST" duration-ms="207" status="PASS">
          <reporter-output>
          </reporter-output>
        </test-method> <!-- close -->
      </class> <!-- webmath.com.TS2 -->
      <class name="webmath.com.TS3">
        <test-method is-config="true" signature="launch()[pri:0, instance:webmath.com.TS3@1aa7ecca]" started-at="2023-05-10T19:45:17 IST" name="launch" finished-at="2023-05-10T19:45:22 IST" duration-ms="5216" status="PASS">
          <reporter-output>
          </reporter-output>
        </test-method> <!-- launch -->
        <test-method is-config="true" signature="ToMathForEveryone()[pri:0, instance:webmath.com.TS3@1aa7ecca]" started-at="2023-05-10T19:45:22 IST" name="ToMathForEveryone" finished-at="2023-05-10T19:45:25 IST" duration-ms="2718" status="PASS">
          <reporter-output>
          </reporter-output>
        </test-method> <!-- ToMathForEveryone -->
        <test-method signature="TC001()[pri:1, instance:webmath.com.TS3@1aa7ecca]" started-at="2023-05-10T19:45:25 IST" name="TC001" finished-at="2023-05-10T19:45:26 IST" duration-ms="1363" status="PASS">
          <reporter-output>
          </reporter-output>
        </test-method> <!-- TC001 -->
        <test-method is-config="true" signature="tomainframe()[pri:0, instance:webmath.com.TS3@1aa7ecca]" started-at="2023-05-10T19:45:26 IST" name="tomainframe" finished-at="2023-05-10T19:45:26 IST" duration-ms="9" status="PASS">
          <reporter-output>
          </reporter-output>
        </test-method> <!-- tomainframe -->
        <test-method is-config="true" signature="ToMathForEveryone()[pri:0, instance:webmath.com.TS3@1aa7ecca]" started-at="2023-05-10T19:45:26 IST" name="ToMathForEveryone" finished-at="2023-05-10T19:45:28 IST" duration-ms="1864" status="PASS">
          <reporter-output>
          </reporter-output>
        </test-method> <!-- ToMathForEveryone -->
        <test-method signature="TC002()[pri:2, instance:webmath.com.TS3@1aa7ecca]" started-at="2023-05-10T19:45:28 IST" name="TC002" finished-at="2023-05-10T19:45:29 IST" duration-ms="1539" status="PASS">
          <reporter-output>
          </reporter-output>
        </test-method> <!-- TC002 -->
        <test-method is-config="true" signature="tomainframe()[pri:0, instance:webmath.com.TS3@1aa7ecca]" started-at="2023-05-10T19:45:29 IST" name="tomainframe" finished-at="2023-05-10T19:45:29 IST" duration-ms="15" status="PASS">
          <reporter-output>
          </reporter-output>
        </test-method> <!-- tomainframe -->
        <test-method is-config="true" signature="ToMathForEveryone()[pri:0, instance:webmath.com.TS3@1aa7ecca]" started-at="2023-05-10T19:45:29 IST" name="ToMathForEveryone" finished-at="2023-05-10T19:45:31 IST" duration-ms="1594" status="PASS">
          <reporter-output>
          </reporter-output>
        </test-method> <!-- ToMathForEveryone -->
        <test-method signature="TC003()[pri:3, instance:webmath.com.TS3@1aa7ecca]" started-at="2023-05-10T19:45:31 IST" name="TC003" finished-at="2023-05-10T19:45:34 IST" duration-ms="3344" status="PASS">
          <reporter-output>
          </reporter-output>
        </test-method> <!-- TC003 -->
        <test-method is-config="true" signature="tomainframe()[pri:0, instance:webmath.com.TS3@1aa7ecca]" started-at="2023-05-10T19:45:34 IST" name="tomainframe" finished-at="2023-05-10T19:45:34 IST" duration-ms="7" status="PASS">
          <reporter-output>
          </reporter-output>
        </test-method> <!-- tomainframe -->
        <test-method is-config="true" signature="ToMathForEveryone()[pri:0, instance:webmath.com.TS3@1aa7ecca]" started-at="2023-05-10T19:45:34 IST" name="ToMathForEveryone" finished-at="2023-05-10T19:45:36 IST" duration-ms="1194" status="PASS">
          <reporter-output>
          </reporter-output>
        </test-method> <!-- ToMathForEveryone -->
        <test-method signature="TC004()[pri:4, instance:webmath.com.TS3@1aa7ecca]" started-at="2023-05-10T19:45:36 IST" name="TC004" finished-at="2023-05-10T19:45:37 IST" duration-ms="1251" status="PASS">
          <reporter-output>
          </reporter-output>
        </test-method> <!-- TC004 -->
        <test-method is-config="true" signature="tomainframe()[pri:0, instance:webmath.com.TS3@1aa7ecca]" started-at="2023-05-10T19:45:37 IST" name="tomainframe" finished-at="2023-05-10T19:45:37 IST" duration-ms="11" status="PASS">
          <reporter-output>
          </reporter-output>
        </test-method> <!-- tomainframe -->
        <test-method is-config="true" signature="ToMathForEveryone()[pri:0, instance:webmath.com.TS3@1aa7ecca]" started-at="2023-05-10T19:45:37 IST" name="ToMathForEveryone" finished-at="2023-05-10T19:45:38 IST" duration-ms="1330" status="PASS">
          <reporter-output>
          </reporter-output>
        </test-method> <!-- ToMathForEveryone -->
        <test-method signature="TC005()[pri:5, instance:webmath.com.TS3@1aa7ecca]" started-at="2023-05-10T19:45:38 IST" name="TC005" finished-at="2023-05-10T19:45:40 IST" duration-ms="1314" status="PASS">
          <reporter-output>
          </reporter-output>
        </test-method> <!-- TC005 -->
        <test-method is-config="true" signature="tomainframe()[pri:0, instance:webmath.com.TS3@1aa7ecca]" started-at="2023-05-10T19:45:40 IST" name="tomainframe" finished-at="2023-05-10T19:45:40 IST" duration-ms="8" status="PASS">
          <reporter-output>
          </reporter-output>
        </test-method> <!-- tomainframe -->
        <test-method is-config="true" signature="ToMathForEveryone()[pri:0, instance:webmath.com.TS3@1aa7ecca]" started-at="2023-05-10T19:45:40 IST" name="ToMathForEveryone" finished-at="2023-05-10T19:45:41 IST" duration-ms="1554" status="PASS">
          <reporter-output>
          </reporter-output>
        </test-method> <!-- ToMathForEveryone -->
        <test-method signature="TC006()[pri:6, instance:webmath.com.TS3@1aa7ecca]" started-at="2023-05-10T19:45:41 IST" name="TC006" finished-at="2023-05-10T19:45:44 IST" duration-ms="3165" status="PASS">
          <reporter-output>
          </reporter-output>
        </test-method> <!-- TC006 -->
        <test-method is-config="true" signature="tomainframe()[pri:0, instance:webmath.com.TS3@1aa7ecca]" started-at="2023-05-10T19:45:44 IST" name="tomainframe" finished-at="2023-05-10T19:45:44 IST" duration-ms="5" status="PASS">
          <reporter-output>
          </reporter-output>
        </test-method> <!-- tomainframe -->
        <test-method is-config="true" signature="ToMathForEveryone()[pri:0, instance:webmath.com.TS3@1aa7ecca]" started-at="2023-05-10T19:45:44 IST" name="ToMathForEveryone" finished-at="2023-05-10T19:45:46 IST" duration-ms="1409" status="PASS">
          <reporter-output>
          </reporter-output>
        </test-method> <!-- ToMathForEveryone -->
        <test-method signature="TC007()[pri:7, instance:webmath.com.TS3@1aa7ecca]" started-at="2023-05-10T19:45:46 IST" name="TC007" finished-at="2023-05-10T19:45:47 IST" duration-ms="1253" status="PASS">
          <reporter-output>
          </reporter-output>
        </test-method> <!-- TC007 -->
        <test-method is-config="true" signature="tomainframe()[pri:0, instance:webmath.com.TS3@1aa7ecca]" started-at="2023-05-10T19:45:47 IST" name="tomainframe" finished-at="2023-05-10T19:45:47 IST" duration-ms="8" status="PASS">
          <reporter-output>
          </reporter-output>
        </test-method> <!-- tomainframe -->
        <test-method is-config="true" signature="ToMathForEveryone()[pri:0, instance:webmath.com.TS3@1aa7ecca]" started-at="2023-05-10T19:45:47 IST" name="ToMathForEveryone" finished-at="2023-05-10T19:45:48 IST" duration-ms="1167" status="PASS">
          <reporter-output>
          </reporter-output>
        </test-method> <!-- ToMathForEveryone -->
        <test-method signature="TC008()[pri:8, instance:webmath.com.TS3@1aa7ecca]" started-at="2023-05-10T19:45:48 IST" name="TC008" finished-at="2023-05-10T19:45:49 IST" duration-ms="1169" status="PASS">
          <reporter-output>
          </reporter-output>
        </test-method> <!-- TC008 -->
        <test-method is-config="true" signature="tomainframe()[pri:0, instance:webmath.com.TS3@1aa7ecca]" started-at="2023-05-10T19:45:49 IST" name="tomainframe" finished-at="2023-05-10T19:45:49 IST" duration-ms="4" status="PASS">
          <reporter-output>
          </reporter-output>
        </test-method> <!-- tomainframe -->
        <test-method is-config="true" signature="ToMathForEveryone()[pri:0, instance:webmath.com.TS3@1aa7ecca]" started-at="2023-05-10T19:45:49 IST" name="ToMathForEveryone" finished-at="2023-05-10T19:45:50 IST" duration-ms="1237" status="PASS">
          <reporter-output>
          </reporter-output>
        </test-method> <!-- ToMathForEveryone -->
        <test-method signature="TC009()[pri:9, instance:webmath.com.TS3@1aa7ecca]" started-at="2023-05-10T19:45:50 IST" name="TC009" finished-at="2023-05-10T19:45:55 IST" duration-ms="4588" status="PASS">
          <reporter-output>
          </reporter-output>
        </test-method> <!-- TC009 -->
        <test-method is-config="true" signature="tomainframe()[pri:0, instance:webmath.com.TS3@1aa7ecca]" started-at="2023-05-10T19:45:55 IST" name="tomainframe" finished-at="2023-05-10T19:45:55 IST" duration-ms="16" status="PASS">
          <reporter-output>
          </reporter-output>
        </test-method> <!-- tomainframe -->
        <test-method is-config="true" signature="ToMathForEveryone()[pri:0, instance:webmath.com.TS3@1aa7ecca]" started-at="2023-05-10T19:45:55 IST" name="ToMathForEveryone" finished-at="2023-05-10T19:45:57 IST" duration-ms="1463" status="PASS">
          <reporter-output>
          </reporter-output>
        </test-method> <!-- ToMathForEveryone -->
        <test-method signature="TC010()[pri:10, instance:webmath.com.TS3@1aa7ecca]" started-at="2023-05-10T19:45:57 IST" name="TC010" finished-at="2023-05-10T19:45:58 IST" duration-ms="1223" status="PASS">
          <reporter-output>
          </reporter-output>
        </test-method> <!-- TC010 -->
        <test-method is-config="true" signature="tomainframe()[pri:0, instance:webmath.com.TS3@1aa7ecca]" started-at="2023-05-10T19:45:58 IST" name="tomainframe" finished-at="2023-05-10T19:45:58 IST" duration-ms="13" status="PASS">
          <reporter-output>
          </reporter-output>
        </test-method> <!-- tomainframe -->
        <test-method is-config="true" signature="ToMathForEveryone()[pri:0, instance:webmath.com.TS3@1aa7ecca]" started-at="2023-05-10T19:45:58 IST" name="ToMathForEveryone" finished-at="2023-05-10T19:45:59 IST" duration-ms="1388" status="PASS">
          <reporter-output>
          </reporter-output>
        </test-method> <!-- ToMathForEveryone -->
        <test-method signature="TC011()[pri:11, instance:webmath.com.TS3@1aa7ecca]" started-at="2023-05-10T19:45:59 IST" name="TC011" finished-at="2023-05-10T19:46:00 IST" duration-ms="1133" status="PASS">
          <reporter-output>
          </reporter-output>
        </test-method> <!-- TC011 -->
        <test-method is-config="true" signature="tomainframe()[pri:0, instance:webmath.com.TS3@1aa7ecca]" started-at="2023-05-10T19:46:00 IST" name="tomainframe" finished-at="2023-05-10T19:46:00 IST" duration-ms="7" status="PASS">
          <reporter-output>
          </reporter-output>
        </test-method> <!-- tomainframe -->
        <test-method is-config="true" signature="ToMathForEveryone()[pri:0, instance:webmath.com.TS3@1aa7ecca]" started-at="2023-05-10T19:46:00 IST" name="ToMathForEveryone" finished-at="2023-05-10T19:46:01 IST" duration-ms="834" status="PASS">
          <reporter-output>
          </reporter-output>
        </test-method> <!-- ToMathForEveryone -->
        <test-method signature="TC012()[pri:12, instance:webmath.com.TS3@1aa7ecca]" started-at="2023-05-10T19:46:01 IST" name="TC012" finished-at="2023-05-10T19:46:05 IST" duration-ms="3959" status="PASS">
          <reporter-output>
          </reporter-output>
        </test-method> <!-- TC012 -->
        <test-method is-config="true" signature="tomainframe()[pri:0, instance:webmath.com.TS3@1aa7ecca]" started-at="2023-05-10T19:46:05 IST" name="tomainframe" finished-at="2023-05-10T19:46:05 IST" duration-ms="9" status="PASS">
          <reporter-output>
          </reporter-output>
        </test-method> <!-- tomainframe -->
        <test-method is-config="true" signature="ToMathForEveryone()[pri:0, instance:webmath.com.TS3@1aa7ecca]" started-at="2023-05-10T19:46:05 IST" name="ToMathForEveryone" finished-at="2023-05-10T19:46:06 IST" duration-ms="835" status="PASS">
          <reporter-output>
          </reporter-output>
        </test-method> <!-- ToMathForEveryone -->
        <test-method signature="TC013()[pri:13, instance:webmath.com.TS3@1aa7ecca]" started-at="2023-05-10T19:46:06 IST" name="TC013" finished-at="2023-05-10T19:46:07 IST" duration-ms="1333" status="PASS">
          <reporter-output>
          </reporter-output>
        </test-method> <!-- TC013 -->
        <test-method is-config="true" signature="tomainframe()[pri:0, instance:webmath.com.TS3@1aa7ecca]" started-at="2023-05-10T19:46:07 IST" name="tomainframe" finished-at="2023-05-10T19:46:07 IST" duration-ms="10" status="PASS">
          <reporter-output>
          </reporter-output>
        </test-method> <!-- tomainframe -->
        <test-method is-config="true" signature="ToMathForEveryone()[pri:0, instance:webmath.com.TS3@1aa7ecca]" started-at="2023-05-10T19:46:07 IST" name="ToMathForEveryone" finished-at="2023-05-10T19:46:09 IST" duration-ms="1303" status="PASS">
          <reporter-output>
          </reporter-output>
        </test-method> <!-- ToMathForEveryone -->
        <test-method signature="TC014()[pri:14, instance:webmath.com.TS3@1aa7ecca]" started-at="2023-05-10T19:46:09 IST" name="TC014" finished-at="2023-05-10T19:46:11 IST" duration-ms="1888" status="PASS">
          <reporter-output>
          </reporter-output>
        </test-method> <!-- TC014 -->
        <test-method is-config="true" signature="tomainframe()[pri:0, instance:webmath.com.TS3@1aa7ecca]" started-at="2023-05-10T19:46:11 IST" name="tomainframe" finished-at="2023-05-10T19:46:11 IST" duration-ms="11" status="PASS">
          <reporter-output>
          </reporter-output>
        </test-method> <!-- tomainframe -->
        <test-method is-config="true" signature="ToMathForEveryone()[pri:0, instance:webmath.com.TS3@1aa7ecca]" started-at="2023-05-10T19:46:11 IST" name="ToMathForEveryone" finished-at="2023-05-10T19:46:12 IST" duration-ms="1344" status="PASS">
          <reporter-output>
          </reporter-output>
        </test-method> <!-- ToMathForEveryone -->
        <test-method signature="TC015()[pri:15, instance:webmath.com.TS3@1aa7ecca]" started-at="2023-05-10T19:46:12 IST" name="TC015" finished-at="2023-05-10T19:46:16 IST" duration-ms="4224" status="PASS">
          <reporter-output>
          </reporter-output>
        </test-method> <!-- TC015 -->
        <test-method is-config="true" signature="tomainframe()[pri:0, instance:webmath.com.TS3@1aa7ecca]" started-at="2023-05-10T19:46:16 IST" name="tomainframe" finished-at="2023-05-10T19:46:16 IST" duration-ms="13" status="PASS">
          <reporter-output>
          </reporter-output>
        </test-method> <!-- tomainframe -->
        <test-method is-config="true" signature="close()[pri:0, instance:webmath.com.TS3@1aa7ecca]" started-at="2023-05-10T19:46:16 IST" name="close" finished-at="2023-05-10T19:46:16 IST" duration-ms="234" status="PASS">
          <reporter-output>
          </reporter-output>
        </test-method> <!-- close -->
      </class> <!-- webmath.com.TS3 -->
      <class name="webmath.com.TS1">
        <test-method is-config="true" signature="launch()[pri:0, instance:webmath.com.TS1@4fb0f2b9]" started-at="2023-05-10T19:44:38 IST" name="launch" finished-at="2023-05-10T19:44:39 IST" duration-ms="1172" status="PASS">
          <reporter-output>
          </reporter-output>
        </test-method> <!-- launch -->
        <test-method signature="TC001()[pri:1, instance:webmath.com.TS1@4fb0f2b9]" started-at="2023-05-10T19:44:39 IST" name="TC001" finished-at="2023-05-10T19:44:44 IST" duration-ms="5038" status="PASS">
          <reporter-output>
          </reporter-output>
        </test-method> <!-- TC001 -->
        <test-method signature="TC002()[pri:2, instance:webmath.com.TS1@4fb0f2b9]" started-at="2023-05-10T19:44:44 IST" name="TC002" finished-at="2023-05-10T19:44:45 IST" duration-ms="48" status="PASS">
          <reporter-output>
          </reporter-output>
        </test-method> <!-- TC002 -->
        <test-method signature="TC003()[pri:3, instance:webmath.com.TS1@4fb0f2b9]" started-at="2023-05-10T19:44:45 IST" name="TC003" finished-at="2023-05-10T19:44:47 IST" duration-ms="2552" status="PASS">
          <reporter-output>
          </reporter-output>
        </test-method> <!-- TC003 -->
        <test-method signature="TC004()[pri:4, instance:webmath.com.TS1@4fb0f2b9]" started-at="2023-05-10T19:44:47 IST" name="TC004" finished-at="2023-05-10T19:44:48 IST" duration-ms="556" status="PASS">
          <reporter-output>
          </reporter-output>
        </test-method> <!-- TC004 -->
        <test-method signature="TC005()[pri:5, instance:webmath.com.TS1@4fb0f2b9]" started-at="2023-05-10T19:44:48 IST" name="TC005" finished-at="2023-05-10T19:44:51 IST" duration-ms="3407" status="PASS">
          <reporter-output>
          </reporter-output>
        </test-method> <!-- TC005 -->
        <test-method signature="TC006()[pri:6, instance:webmath.com.TS1@4fb0f2b9]" started-at="2023-05-10T19:44:51 IST" name="TC006" finished-at="2023-05-10T19:44:53 IST" duration-ms="1555" status="PASS">
          <reporter-output>
          </reporter-output>
        </test-method> <!-- TC006 -->
        <test-method signature="TC007()[pri:7, instance:webmath.com.TS1@4fb0f2b9]" started-at="2023-05-10T19:44:53 IST" name="TC007" finished-at="2023-05-10T19:44:54 IST" duration-ms="1669" status="PASS">
          <reporter-output>
          </reporter-output>
        </test-method> <!-- TC007 -->
        <test-method signature="TC008()[pri:8, instance:webmath.com.TS1@4fb0f2b9]" started-at="2023-05-10T19:44:54 IST" name="TC008" finished-at="2023-05-10T19:44:57 IST" duration-ms="3036" status="PASS">
          <reporter-output>
          </reporter-output>
        </test-method> <!-- TC008 -->
        <test-method signature="TC009()[pri:9, instance:webmath.com.TS1@4fb0f2b9]" started-at="2023-05-10T19:44:57 IST" name="TC009" finished-at="2023-05-10T19:44:59 IST" duration-ms="1333" status="PASS">
          <reporter-output>
          </reporter-output>
        </test-method> <!-- TC009 -->
        <test-method signature="TC010()[pri:10, instance:webmath.com.TS1@4fb0f2b9]" started-at="2023-05-10T19:44:59 IST" name="TC010" finished-at="2023-05-10T19:45:05 IST" duration-ms="6345" status="PASS">
          <reporter-output>
          </reporter-output>
        </test-method> <!-- TC010 -->
        <test-method is-config="true" signature="close()[pri:0, instance:webmath.com.TS1@4fb0f2b9]" started-at="2023-05-10T19:45:05 IST" name="close" finished-at="2023-05-10T19:45:05 IST" duration-ms="239" status="PASS">
          <reporter-output>
          </reporter-output>
        </test-method> <!-- close -->
      </class> <!-- webmath.com.TS1 -->
      <class name="webmath.com.TS6">
        <test-method is-config="true" signature="launch()[pri:0, instance:webmath.com.TS6@6572421]" started-at="2023-05-10T19:48:45 IST" name="launch" finished-at="2023-05-10T19:48:51 IST" duration-ms="6026" status="PASS">
          <reporter-output>
          </reporter-output>
        </test-method> <!-- launch -->
        <test-method is-config="true" signature="tomathforeveryone()[pri:0, instance:webmath.com.TS6@6572421]" started-at="2023-05-10T19:48:51 IST" name="tomathforeveryone" finished-at="2023-05-10T19:48:53 IST" duration-ms="2605" status="PASS">
          <reporter-output>
          </reporter-output>
        </test-method> <!-- tomathforeveryone -->
        <test-method signature="TC001()[pri:1, instance:webmath.com.TS6@6572421]" started-at="2023-05-10T19:48:53 IST" name="TC001" finished-at="2023-05-10T19:48:55 IST" duration-ms="1557" status="PASS">
          <reporter-output>
          </reporter-output>
        </test-method> <!-- TC001 -->
        <test-method is-config="true" signature="todefaultframe()[pri:0, instance:webmath.com.TS6@6572421]" started-at="2023-05-10T19:48:55 IST" name="todefaultframe" finished-at="2023-05-10T19:48:55 IST" duration-ms="4" status="PASS">
          <reporter-output>
          </reporter-output>
        </test-method> <!-- todefaultframe -->
        <test-method is-config="true" signature="tomathforeveryone()[pri:0, instance:webmath.com.TS6@6572421]" started-at="2023-05-10T19:48:55 IST" name="tomathforeveryone" finished-at="2023-05-10T19:48:56 IST" duration-ms="1309" status="PASS">
          <reporter-output>
          </reporter-output>
        </test-method> <!-- tomathforeveryone -->
        <test-method signature="TC002()[pri:2, instance:webmath.com.TS6@6572421]" started-at="2023-05-10T19:48:56 IST" name="TC002" finished-at="2023-05-10T19:48:58 IST" duration-ms="1660" status="PASS">
          <reporter-output>
          </reporter-output>
        </test-method> <!-- TC002 -->
        <test-method is-config="true" signature="todefaultframe()[pri:0, instance:webmath.com.TS6@6572421]" started-at="2023-05-10T19:48:58 IST" name="todefaultframe" finished-at="2023-05-10T19:48:58 IST" duration-ms="5" status="PASS">
          <reporter-output>
          </reporter-output>
        </test-method> <!-- todefaultframe -->
        <test-method is-config="true" signature="tomathforeveryone()[pri:0, instance:webmath.com.TS6@6572421]" started-at="2023-05-10T19:48:58 IST" name="tomathforeveryone" finished-at="2023-05-10T19:48:59 IST" duration-ms="1402" status="PASS">
          <reporter-output>
          </reporter-output>
        </test-method> <!-- tomathforeveryone -->
        <test-method signature="TC003()[pri:3, instance:webmath.com.TS6@6572421]" started-at="2023-05-10T19:48:59 IST" name="TC003" finished-at="2023-05-10T19:49:03 IST" duration-ms="4046" status="PASS">
          <reporter-output>
          </reporter-output>
        </test-method> <!-- TC003 -->
        <test-method is-config="true" signature="todefaultframe()[pri:0, instance:webmath.com.TS6@6572421]" started-at="2023-05-10T19:49:03 IST" name="todefaultframe" finished-at="2023-05-10T19:49:03 IST" duration-ms="6" status="PASS">
          <reporter-output>
          </reporter-output>
        </test-method> <!-- todefaultframe -->
        <test-method is-config="true" signature="close()[pri:0, instance:webmath.com.TS6@6572421]" started-at="2023-05-10T19:49:03 IST" name="close" finished-at="2023-05-10T19:49:04 IST" duration-ms="173" status="PASS">
          <reporter-output>
          </reporter-output>
        </test-method> <!-- close -->
      </class> <!-- webmath.com.TS6 -->
      <class name="webmath.com.TS7">
        <test-method is-config="true" signature="launch()[pri:0, instance:webmath.com.TS7@6b81ce95]" started-at="2023-05-10T19:49:04 IST" name="launch" finished-at="2023-05-10T19:49:08 IST" duration-ms="4883" status="PASS">
          <reporter-output>
          </reporter-output>
        </test-method> <!-- launch -->
        <test-method is-config="true" signature="tomathforeveryone()[pri:0, instance:webmath.com.TS7@6b81ce95]" started-at="2023-05-10T19:49:08 IST" name="tomathforeveryone" finished-at="2023-05-10T19:49:11 IST" duration-ms="2588" status="PASS">
          <reporter-output>
          </reporter-output>
        </test-method> <!-- tomathforeveryone -->
        <test-method signature="TC001()[pri:1, instance:webmath.com.TS7@6b81ce95]" started-at="2023-05-10T19:49:11 IST" name="TC001" finished-at="2023-05-10T19:49:12 IST" duration-ms="1410" status="PASS">
          <reporter-output>
          </reporter-output>
        </test-method> <!-- TC001 -->
        <test-method is-config="true" signature="todefaultframe()[pri:0, instance:webmath.com.TS7@6b81ce95]" started-at="2023-05-10T19:49:12 IST" name="todefaultframe" finished-at="2023-05-10T19:49:12 IST" duration-ms="5" status="PASS">
          <reporter-output>
          </reporter-output>
        </test-method> <!-- todefaultframe -->
        <test-method is-config="true" signature="tomathforeveryone()[pri:0, instance:webmath.com.TS7@6b81ce95]" started-at="2023-05-10T19:49:12 IST" name="tomathforeveryone" finished-at="2023-05-10T19:49:14 IST" duration-ms="1375" status="PASS">
          <reporter-output>
          </reporter-output>
        </test-method> <!-- tomathforeveryone -->
        <test-method signature="TC002()[pri:2, instance:webmath.com.TS7@6b81ce95]" started-at="2023-05-10T19:49:14 IST" name="TC002" finished-at="2023-05-10T19:49:15 IST" duration-ms="1420" status="PASS">
          <reporter-output>
          </reporter-output>
        </test-method> <!-- TC002 -->
        <test-method is-config="true" signature="todefaultframe()[pri:0, instance:webmath.com.TS7@6b81ce95]" started-at="2023-05-10T19:49:15 IST" name="todefaultframe" finished-at="2023-05-10T19:49:15 IST" duration-ms="4" status="PASS">
          <reporter-output>
          </reporter-output>
        </test-method> <!-- todefaultframe -->
        <test-method is-config="true" signature="tomathforeveryone()[pri:0, instance:webmath.com.TS7@6b81ce95]" started-at="2023-05-10T19:49:15 IST" name="tomathforeveryone" finished-at="2023-05-10T19:49:17 IST" duration-ms="1420" status="PASS">
          <reporter-output>
          </reporter-output>
        </test-method> <!-- tomathforeveryone -->
        <test-method signature="TC003()[pri:3, instance:webmath.com.TS7@6b81ce95]" started-at="2023-05-10T19:49:17 IST" name="TC003" finished-at="2023-05-10T19:49:20 IST" duration-ms="3328" status="PASS">
          <reporter-output>
          </reporter-output>
        </test-method> <!-- TC003 -->
        <test-method is-config="true" signature="todefaultframe()[pri:0, instance:webmath.com.TS7@6b81ce95]" started-at="2023-05-10T19:49:20 IST" name="todefaultframe" finished-at="2023-05-10T19:49:20 IST" duration-ms="16" status="PASS">
          <reporter-output>
          </reporter-output>
        </test-method> <!-- todefaultframe -->
        <test-method is-config="true" signature="close()[pri:0, instance:webmath.com.TS7@6b81ce95]" started-at="2023-05-10T19:49:20 IST" name="close" finished-at="2023-05-10T19:49:20 IST" duration-ms="172" status="PASS">
          <reporter-output>
          </reporter-output>
        </test-method> <!-- close -->
      </class> <!-- webmath.com.TS7 -->
    </test> <!-- Test -->
  </suite> <!-- Test Suite -->
</testng-results>
